CRITICAL - 2020-11-30 01:31:24 --> Undefined index: nim
#0 C:\laragon\www\tugas\app\Views\berita_view_all.php(22): CodeIgniter\Debug\Exceptions->errorHandler(8, 'Undefined index...', 'C:\\laragon\\www\\...', 22, Array)
#1 C:\laragon\www\tugas\system\View\View.php(246): include('C:\\laragon\\www\\...')
#2 C:\laragon\www\tugas\system\Common.php(1119): CodeIgniter\View\View->render('berita_view_all', Array, true)
#3 C:\laragon\www\tugas\app\Controllers\Admin\Halaman.php(15): view('berita_view_all', Array)
#4 C:\laragon\www\tugas\system\CodeIgniter.php(918): App\Controllers\Admin\Halaman->index()
#5 C:\laragon\www\tugas\system\CodeIgniter.php(404): CodeIgniter\CodeIgniter->runController(Object(App\Controllers\Admin\Halaman))
#6 C:\laragon\www\tugas\system\CodeIgniter.php(312): CodeIgniter\CodeIgniter->handleRequest(NULL, Object(Config\Cache), false)
#7 C:\laragon\www\tugas\public\index.php(45): CodeIgniter\CodeIgniter->run()
#8 {main}
CRITICAL - 2020-11-30 01:32:24 --> Unknown column 'id' in 'where clause'
#0 C:\laragon\www\tugas\system\Database\MySQLi\Connection.php(331): mysqli->query('SELECT *\nFROM `...')
#1 C:\laragon\www\tugas\system\Database\BaseConnection.php(741): CodeIgniter\Database\MySQLi\Connection->execute('SELECT *\nFROM `...')
#2 C:\laragon\www\tugas\system\Database\BaseConnection.php(669): CodeIgniter\Database\BaseConnection->simpleQuery('SELECT *\nFROM `...')
#3 C:\laragon\www\tugas\system\Database\BaseBuilder.php(1860): CodeIgniter\Database\BaseConnection->query('SELECT *\nFROM `...', Array, false)
#4 C:\laragon\www\tugas\system\Model.php(506): CodeIgniter\Database\BaseBuilder->get()
#5 C:\laragon\www\tugas\app\Controllers\Admin\Halaman.php(38): CodeIgniter\Model->first()
#6 C:\laragon\www\tugas\system\CodeIgniter.php(918): App\Controllers\Admin\Halaman->edit('1')
#7 C:\laragon\www\tugas\system\CodeIgniter.php(404): CodeIgniter\CodeIgniter->runController(Object(App\Controllers\Admin\Halaman))
#8 C:\laragon\www\tugas\system\CodeIgniter.php(312): CodeIgniter\CodeIgniter->handleRequest(NULL, Object(Config\Cache), false)
#9 C:\laragon\www\tugas\public\index.php(45): CodeIgniter\CodeIgniter->run()
#10 {main}
CRITICAL - 2020-11-30 01:32:24 --> Unknown column 'id' in 'where clause'
#0 C:\laragon\www\tugas\system\Database\MySQLi\Connection.php(331): mysqli->query('SELECT *\nFROM `...')
#1 C:\laragon\www\tugas\system\Database\BaseConnection.php(741): CodeIgniter\Database\MySQLi\Connection->execute('SELECT *\nFROM `...')
#2 C:\laragon\www\tugas\system\Database\BaseConnection.php(669): CodeIgniter\Database\BaseConnection->simpleQuery('SELECT *\nFROM `...')
#3 C:\laragon\www\tugas\system\Database\BaseBuilder.php(1860): CodeIgniter\Database\BaseConnection->query('SELECT *\nFROM `...', Array, false)
#4 C:\laragon\www\tugas\system\Model.php(506): CodeIgniter\Database\BaseBuilder->get()
#5 C:\laragon\www\tugas\app\Controllers\Admin\Halaman.php(38): CodeIgniter\Model->first()
#6 C:\laragon\www\tugas\system\CodeIgniter.php(918): App\Controllers\Admin\Halaman->edit('assets', 'ckeditor', 'ckeditor.js')
#7 C:\laragon\www\tugas\system\CodeIgniter.php(404): CodeIgniter\CodeIgniter->runController(Object(App\Controllers\Admin\Halaman))
#8 C:\laragon\www\tugas\system\CodeIgniter.php(312): CodeIgniter\CodeIgniter->handleRequest(NULL, Object(Config\Cache), false)
#9 C:\laragon\www\tugas\public\index.php(45): CodeIgniter\CodeIgniter->run()
#10 {main}
CRITICAL - 2020-11-30 01:32:24 --> Unknown column 'id' in 'where clause'
#0 C:\laragon\www\tugas\system\Database\MySQLi\Connection.php(331): mysqli->query('SELECT *\nFROM `...')
#1 C:\laragon\www\tugas\system\Database\BaseConnection.php(741): CodeIgniter\Database\MySQLi\Connection->execute('SELECT *\nFROM `...')
#2 C:\laragon\www\tugas\system\Database\BaseConnection.php(669): CodeIgniter\Database\BaseConnection->simpleQuery('SELECT *\nFROM `...')
#3 C:\laragon\www\tugas\system\Database\BaseBuilder.php(1860): CodeIgniter\Database\BaseConnection->query('SELECT *\nFROM `...', Array, false)
#4 C:\laragon\www\tugas\system\Model.php(506): CodeIgniter\Database\BaseBuilder->get()
#5 C:\laragon\www\tugas\app\Controllers\Admin\Halaman.php(38): CodeIgniter\Model->first()
#6 C:\laragon\www\tugas\system\CodeIgniter.php(918): App\Controllers\Admin\Halaman->edit('assets', 'ckeditor', 'config.js')
#7 C:\laragon\www\tugas\system\CodeIgniter.php(404): CodeIgniter\CodeIgniter->runController(Object(App\Controllers\Admin\Halaman))
#8 C:\laragon\www\tugas\system\CodeIgniter.php(312): CodeIgniter\CodeIgniter->handleRequest(NULL, Object(Config\Cache), false)
#9 C:\laragon\www\tugas\public\index.php(45): CodeIgniter\CodeIgniter->run()
#10 {main}
CRITICAL - 2020-11-30 01:32:24 --> Unknown column 'id' in 'where clause'
#0 C:\laragon\www\tugas\system\Database\MySQLi\Connection.php(331): mysqli->query('SELECT *\nFROM `...')
#1 C:\laragon\www\tugas\system\Database\BaseConnection.php(741): CodeIgniter\Database\MySQLi\Connection->execute('SELECT *\nFROM `...')
#2 C:\laragon\www\tugas\system\Database\BaseConnection.php(669): CodeIgniter\Database\BaseConnection->simpleQuery('SELECT *\nFROM `...')
#3 C:\laragon\www\tugas\system\Database\BaseBuilder.php(1860): CodeIgniter\Database\BaseConnection->query('SELECT *\nFROM `...', Array, false)
#4 C:\laragon\www\tugas\system\Model.php(506): CodeIgniter\Database\BaseBuilder->get()
#5 C:\laragon\www\tugas\app\Controllers\Admin\Halaman.php(38): CodeIgniter\Model->first()
#6 C:\laragon\www\tugas\system\CodeIgniter.php(918): App\Controllers\Admin\Halaman->edit('css', 'styles.css')
#7 C:\laragon\www\tugas\system\CodeIgniter.php(404): CodeIgniter\CodeIgniter->runController(Object(App\Controllers\Admin\Halaman))
#8 C:\laragon\www\tugas\system\CodeIgniter.php(312): CodeIgniter\CodeIgniter->handleRequest(NULL, Object(Config\Cache), false)
#9 C:\laragon\www\tugas\public\index.php(45): CodeIgniter\CodeIgniter->run()
#10 {main}
CRITICAL - 2020-11-30 01:32:24 --> Unknown column 'id' in 'where clause'
#0 C:\laragon\www\tugas\system\Database\MySQLi\Connection.php(331): mysqli->query('SELECT *\nFROM `...')
#1 C:\laragon\www\tugas\system\Database\BaseConnection.php(741): CodeIgniter\Database\MySQLi\Connection->execute('SELECT *\nFROM `...')
#2 C:\laragon\www\tugas\system\Database\BaseConnection.php(669): CodeIgniter\Database\BaseConnection->simpleQuery('SELECT *\nFROM `...')
#3 C:\laragon\www\tugas\system\Database\BaseBuilder.php(1860): CodeIgniter\Database\BaseConnection->query('SELECT *\nFROM `...', Array, false)
#4 C:\laragon\www\tugas\system\Model.php(506): CodeIgniter\Database\BaseBuilder->get()
#5 C:\laragon\www\tugas\app\Controllers\Admin\Halaman.php(38): CodeIgniter\Model->first()
#6 C:\laragon\www\tugas\system\CodeIgniter.php(918): App\Controllers\Admin\Halaman->edit('assets', 'ckeditor', 'config.js')
#7 C:\laragon\www\tugas\system\CodeIgniter.php(404): CodeIgniter\CodeIgniter->runController(Object(App\Controllers\Admin\Halaman))
#8 C:\laragon\www\tugas\system\CodeIgniter.php(312): CodeIgniter\CodeIgniter->handleRequest(NULL, Object(Config\Cache), false)
#9 C:\laragon\www\tugas\public\index.php(45): CodeIgniter\CodeIgniter->run()
#10 {main}
CRITICAL - 2020-11-30 01:32:24 --> Unknown column 'id' in 'where clause'
#0 C:\laragon\www\tugas\system\Database\MySQLi\Connection.php(331): mysqli->query('SELECT *\nFROM `...')
#1 C:\laragon\www\tugas\system\Database\BaseConnection.php(741): CodeIgniter\Database\MySQLi\Connection->execute('SELECT *\nFROM `...')
#2 C:\laragon\www\tugas\system\Database\BaseConnection.php(669): CodeIgniter\Database\BaseConnection->simpleQuery('SELECT *\nFROM `...')
#3 C:\laragon\www\tugas\system\Database\BaseBuilder.php(1860): CodeIgniter\Database\BaseConnection->query('SELECT *\nFROM `...', Array, false)
#4 C:\laragon\www\tugas\system\Model.php(506): CodeIgniter\Database\BaseBuilder->get()
#5 C:\laragon\www\tugas\app\Controllers\Admin\Halaman.php(38): CodeIgniter\Model->first()
#6 C:\laragon\www\tugas\system\CodeIgniter.php(918): App\Controllers\Admin\Halaman->edit('favicon.ico')
#7 C:\laragon\www\tugas\system\CodeIgniter.php(404): CodeIgniter\CodeIgniter->runController(Object(App\Controllers\Admin\Halaman))
#8 C:\laragon\www\tugas\system\CodeIgniter.php(312): CodeIgniter\CodeIgniter->handleRequest(NULL, Object(Config\Cache), false)
#9 C:\laragon\www\tugas\public\index.php(45): CodeIgniter\CodeIgniter->run()
#10 {main}
CRITICAL - 2020-11-30 01:32:58 --> Invalid file: edit_berita.php
#0 C:\laragon\www\tugas\system\View\View.php(228): CodeIgniter\Exceptions\FrameworkException::forInvalidFile('edit_berita.php')
#1 C:\laragon\www\tugas\system\Common.php(1119): CodeIgniter\View\View->render('edit_berita', Array, true)
#2 C:\laragon\www\tugas\app\Controllers\Admin\Halaman.php(40): view('edit_berita', Array)
#3 C:\laragon\www\tugas\system\CodeIgniter.php(918): App\Controllers\Admin\Halaman->edit('1')
#4 C:\laragon\www\tugas\system\CodeIgniter.php(404): CodeIgniter\CodeIgniter->runController(Object(App\Controllers\Admin\Halaman))
#5 C:\laragon\www\tugas\system\CodeIgniter.php(312): CodeIgniter\CodeIgniter->handleRequest(NULL, Object(Config\Cache), false)
#6 C:\laragon\www\tugas\public\index.php(45): CodeIgniter\CodeIgniter->run()
#7 {main}
CRITICAL - 2020-11-30 01:32:58 --> Invalid file: edit_berita.php
#0 C:\laragon\www\tugas\system\View\View.php(228): CodeIgniter\Exceptions\FrameworkException::forInvalidFile('edit_berita.php')
#1 C:\laragon\www\tugas\system\Common.php(1119): CodeIgniter\View\View->render('edit_berita', Array, true)
#2 C:\laragon\www\tugas\app\Controllers\Admin\Halaman.php(40): view('edit_berita', Array)
#3 C:\laragon\www\tugas\system\CodeIgniter.php(918): App\Controllers\Admin\Halaman->edit('assets', 'ckeditor', 'ckeditor.js')
#4 C:\laragon\www\tugas\system\CodeIgniter.php(404): CodeIgniter\CodeIgniter->runController(Object(App\Controllers\Admin\Halaman))
#5 C:\laragon\www\tugas\system\CodeIgniter.php(312): CodeIgniter\CodeIgniter->handleRequest(NULL, Object(Config\Cache), false)
#6 C:\laragon\www\tugas\public\index.php(45): CodeIgniter\CodeIgniter->run()
#7 {main}
CRITICAL - 2020-11-30 01:32:58 --> Invalid file: edit_berita.php
#0 C:\laragon\www\tugas\system\View\View.php(228): CodeIgniter\Exceptions\FrameworkException::forInvalidFile('edit_berita.php')
#1 C:\laragon\www\tugas\system\Common.php(1119): CodeIgniter\View\View->render('edit_berita', Array, true)
#2 C:\laragon\www\tugas\app\Controllers\Admin\Halaman.php(40): view('edit_berita', Array)
#3 C:\laragon\www\tugas\system\CodeIgniter.php(918): App\Controllers\Admin\Halaman->edit('css', 'styles.css')
#4 C:\laragon\www\tugas\system\CodeIgniter.php(404): CodeIgniter\CodeIgniter->runController(Object(App\Controllers\Admin\Halaman))
#5 C:\laragon\www\tugas\system\CodeIgniter.php(312): CodeIgniter\CodeIgniter->handleRequest(NULL, Object(Config\Cache), false)
#6 C:\laragon\www\tugas\public\index.php(45): CodeIgniter\CodeIgniter->run()
#7 {main}
CRITICAL - 2020-11-30 01:32:58 --> Invalid file: edit_berita.php
#0 C:\laragon\www\tugas\system\View\View.php(228): CodeIgniter\Exceptions\FrameworkException::forInvalidFile('edit_berita.php')
#1 C:\laragon\www\tugas\system\Common.php(1119): CodeIgniter\View\View->render('edit_berita', Array, true)
#2 C:\laragon\www\tugas\app\Controllers\Admin\Halaman.php(40): view('edit_berita', Array)
#3 C:\laragon\www\tugas\system\CodeIgniter.php(918): App\Controllers\Admin\Halaman->edit('assets', 'ckeditor', 'config.js')
#4 C:\laragon\www\tugas\system\CodeIgniter.php(404): CodeIgniter\CodeIgniter->runController(Object(App\Controllers\Admin\Halaman))
#5 C:\laragon\www\tugas\system\CodeIgniter.php(312): CodeIgniter\CodeIgniter->handleRequest(NULL, Object(Config\Cache), false)
#6 C:\laragon\www\tugas\public\index.php(45): CodeIgniter\CodeIgniter->run()
#7 {main}
CRITICAL - 2020-11-30 01:32:58 --> Invalid file: edit_berita.php
#0 C:\laragon\www\tugas\system\View\View.php(228): CodeIgniter\Exceptions\FrameworkException::forInvalidFile('edit_berita.php')
#1 C:\laragon\www\tugas\system\Common.php(1119): CodeIgniter\View\View->render('edit_berita', Array, true)
#2 C:\laragon\www\tugas\app\Controllers\Admin\Halaman.php(40): view('edit_berita', Array)
#3 C:\laragon\www\tugas\system\CodeIgniter.php(918): App\Controllers\Admin\Halaman->edit('assets', 'ckeditor', 'config.js')
#4 C:\laragon\www\tugas\system\CodeIgniter.php(404): CodeIgniter\CodeIgniter->runController(Object(App\Controllers\Admin\Halaman))
#5 C:\laragon\www\tugas\system\CodeIgniter.php(312): CodeIgniter\CodeIgniter->handleRequest(NULL, Object(Config\Cache), false)
#6 C:\laragon\www\tugas\public\index.php(45): CodeIgniter\CodeIgniter->run()
#7 {main}
CRITICAL - 2020-11-30 01:32:58 --> Invalid file: edit_berita.php
#0 C:\laragon\www\tugas\system\View\View.php(228): CodeIgniter\Exceptions\FrameworkException::forInvalidFile('edit_berita.php')
#1 C:\laragon\www\tugas\system\Common.php(1119): CodeIgniter\View\View->render('edit_berita', Array, true)
#2 C:\laragon\www\tugas\app\Controllers\Admin\Halaman.php(40): view('edit_berita', Array)
#3 C:\laragon\www\tugas\system\CodeIgniter.php(918): App\Controllers\Admin\Halaman->edit('favicon.ico')
#4 C:\laragon\www\tugas\system\CodeIgniter.php(404): CodeIgniter\CodeIgniter->runController(Object(App\Controllers\Admin\Halaman))
#5 C:\laragon\www\tugas\system\CodeIgniter.php(312): CodeIgniter\CodeIgniter->handleRequest(NULL, Object(Config\Cache), false)
#6 C:\laragon\www\tugas\public\index.php(45): CodeIgniter\CodeIgniter->run()
#7 {main}
CRITICAL - 2020-11-30 01:36:04 --> Undefined index: judulberita
#0 C:\laragon\www\tugas\app\Views\edit_berita.php(6): CodeIgniter\Debug\Exceptions->errorHandler(8, 'Undefined index...', 'C:\\laragon\\www\\...', 6, Array)
#1 C:\laragon\www\tugas\system\View\View.php(246): include('C:\\laragon\\www\\...')
#2 C:\laragon\www\tugas\system\Common.php(1119): CodeIgniter\View\View->render('edit_berita', Array, true)
#3 C:\laragon\www\tugas\app\Controllers\Admin\Halaman.php(40): view('edit_berita', Array)
#4 C:\laragon\www\tugas\system\CodeIgniter.php(918): App\Controllers\Admin\Halaman->edit('1')
#5 C:\laragon\www\tugas\system\CodeIgniter.php(404): CodeIgniter\CodeIgniter->runController(Object(App\Controllers\Admin\Halaman))
#6 C:\laragon\www\tugas\system\CodeIgniter.php(312): CodeIgniter\CodeIgniter->handleRequest(NULL, Object(Config\Cache), false)
#7 C:\laragon\www\tugas\public\index.php(45): CodeIgniter\CodeIgniter->run()
#8 {main}
CRITICAL - 2020-11-30 01:36:05 --> Undefined index: judulberita
#0 C:\laragon\www\tugas\app\Views\edit_berita.php(6): CodeIgniter\Debug\Exceptions->errorHandler(8, 'Undefined index...', 'C:\\laragon\\www\\...', 6, Array)
#1 C:\laragon\www\tugas\system\View\View.php(246): include('C:\\laragon\\www\\...')
#2 C:\laragon\www\tugas\system\Common.php(1119): CodeIgniter\View\View->render('edit_berita', Array, true)
#3 C:\laragon\www\tugas\app\Controllers\Admin\Halaman.php(40): view('edit_berita', Array)
#4 C:\laragon\www\tugas\system\CodeIgniter.php(918): App\Controllers\Admin\Halaman->edit('1')
#5 C:\laragon\www\tugas\system\CodeIgniter.php(404): CodeIgniter\CodeIgniter->runController(Object(App\Controllers\Admin\Halaman))
#6 C:\laragon\www\tugas\system\CodeIgniter.php(312): CodeIgniter\CodeIgniter->handleRequest(NULL, Object(Config\Cache), false)
#7 C:\laragon\www\tugas\public\index.php(45): CodeIgniter\CodeIgniter->run()
#8 {main}
CRITICAL - 2020-11-30 02:21:12 --> Undefined variable: totalTime
#0 C:\laragon\www\tugas\system\Debug\Toolbar\Views\toolbar.tpl.php(56): CodeIgniter\Debug\Exceptions->errorHandler(8, 'Undefined varia...', 'C:\\laragon\\www\\...', 56, Array)
#1 C:\laragon\www\tugas\system\Debug\Toolbar.php(498): include('C:\\laragon\\www\\...')
#2 C:\laragon\www\tugas\system\Debug\Toolbar.php(455): CodeIgniter\Debug\Toolbar->format(Array, 'html')
#3 C:\laragon\www\tugas\app\Config\Events.php(50): CodeIgniter\Debug\Toolbar->respond()
#4 [internal function]: CodeIgniter\Events\Events::Config\{closure}()
#5 C:\laragon\www\tugas\system\Events\Events.php(188): call_user_func(Object(Closure))
#6 C:\laragon\www\tugas\system\CodeIgniter.php(293): CodeIgniter\Events\Events::trigger('pre_system')
#7 C:\laragon\www\tugas\public\index.php(45): CodeIgniter\CodeIgniter->run()
#8 {main}
CRITICAL - 2020-11-30 04:09:35 --> Undefined variable: halaman
#0 C:\laragon\www\tugas\app\Views\create_berita.php(22): CodeIgniter\Debug\Exceptions->errorHandler(8, 'Undefined varia...', 'C:\\laragon\\www\\...', 22, Array)
#1 C:\laragon\www\tugas\system\View\View.php(246): include('C:\\laragon\\www\\...')
#2 C:\laragon\www\tugas\system\Common.php(1119): CodeIgniter\View\View->render('create_berita', Array, true)
#3 C:\laragon\www\tugas\app\Controllers\Admin\Halaman.php(19): view('create_berita')
#4 C:\laragon\www\tugas\system\CodeIgniter.php(918): App\Controllers\Admin\Halaman->create()
#5 C:\laragon\www\tugas\system\CodeIgniter.php(404): CodeIgniter\CodeIgniter->runController(Object(App\Controllers\Admin\Halaman))
#6 C:\laragon\www\tugas\system\CodeIgniter.php(312): CodeIgniter\CodeIgniter->handleRequest(NULL, Object(Config\Cache), false)
#7 C:\laragon\www\tugas\public\index.php(45): CodeIgniter\CodeIgniter->run()
#8 {main}
CRITICAL - 2020-11-30 05:05:36 --> Call to undefined function word_limiter()
#0 C:\laragon\www\tugas\system\View\View.php(246): include()
#1 C:\laragon\www\tugas\system\Common.php(1119): CodeIgniter\View\View->render('master_berita', Array, true)
#2 C:\laragon\www\tugas\app\Controllers\Admin\Berita.php(18): view('master_berita', Array)
#3 C:\laragon\www\tugas\system\CodeIgniter.php(918): App\Controllers\Admin\Berita->index()
#4 C:\laragon\www\tugas\system\CodeIgniter.php(404): CodeIgniter\CodeIgniter->runController(Object(App\Controllers\Admin\Berita))
#5 C:\laragon\www\tugas\system\CodeIgniter.php(312): CodeIgniter\CodeIgniter->handleRequest(NULL, Object(Config\Cache), false)
#6 C:\laragon\www\tugas\public\index.php(45): CodeIgniter\CodeIgniter->run()
#7 {main}
CRITICAL - 2020-11-30 05:07:40 --> Call to undefined function word_limiter()
#0 C:\laragon\www\tugas\system\View\View.php(246): include()
#1 C:\laragon\www\tugas\system\Common.php(1119): CodeIgniter\View\View->render('master_berita', Array, true)
#2 C:\laragon\www\tugas\app\Controllers\Admin\Berita.php(18): view('master_berita', Array)
#3 C:\laragon\www\tugas\system\CodeIgniter.php(918): App\Controllers\Admin\Berita->index()
#4 C:\laragon\www\tugas\system\CodeIgniter.php(404): CodeIgniter\CodeIgniter->runController(Object(App\Controllers\Admin\Berita))
#5 C:\laragon\www\tugas\system\CodeIgniter.php(312): CodeIgniter\CodeIgniter->handleRequest(NULL, Object(Config\Cache), false)
#6 C:\laragon\www\tugas\public\index.php(45): CodeIgniter\CodeIgniter->run()
#7 {main}
CRITICAL - 2020-11-30 05:07:41 --> Call to undefined function word_limiter()
#0 C:\laragon\www\tugas\system\View\View.php(246): include()
#1 C:\laragon\www\tugas\system\Common.php(1119): CodeIgniter\View\View->render('master_berita', Array, true)
#2 C:\laragon\www\tugas\app\Controllers\Admin\Berita.php(18): view('master_berita', Array)
#3 C:\laragon\www\tugas\system\CodeIgniter.php(918): App\Controllers\Admin\Berita->index()
#4 C:\laragon\www\tugas\system\CodeIgniter.php(404): CodeIgniter\CodeIgniter->runController(Object(App\Controllers\Admin\Berita))
#5 C:\laragon\www\tugas\system\CodeIgniter.php(312): CodeIgniter\CodeIgniter->handleRequest(NULL, Object(Config\Cache), false)
#6 C:\laragon\www\tugas\public\index.php(45): CodeIgniter\CodeIgniter->run()
#7 {main}
CRITICAL - 2020-11-30 05:15:40 --> Trying to get property 'gambar' of non-object
#0 C:\laragon\www\tugas\app\Views\master_berita.php(31): CodeIgniter\Debug\Exceptions->errorHandler(8, 'Trying to get p...', 'C:\\laragon\\www\\...', 31, Array)
#1 C:\laragon\www\tugas\system\View\View.php(246): include('C:\\laragon\\www\\...')
#2 C:\laragon\www\tugas\system\Common.php(1119): CodeIgniter\View\View->render('master_berita', Array, true)
#3 C:\laragon\www\tugas\app\Controllers\Admin\Berita.php(19): view('master_berita', Array)
#4 C:\laragon\www\tugas\system\CodeIgniter.php(918): App\Controllers\Admin\Berita->index()
#5 C:\laragon\www\tugas\system\CodeIgniter.php(404): CodeIgniter\CodeIgniter->runController(Object(App\Controllers\Admin\Berita))
#6 C:\laragon\www\tugas\system\CodeIgniter.php(312): CodeIgniter\CodeIgniter->handleRequest(NULL, Object(Config\Cache), false)
#7 C:\laragon\www\tugas\public\index.php(45): CodeIgniter\CodeIgniter->run()
#8 {main}
CRITICAL - 2020-11-30 05:15:42 --> Trying to get property 'gambar' of non-object
#0 C:\laragon\www\tugas\app\Views\master_berita.php(31): CodeIgniter\Debug\Exceptions->errorHandler(8, 'Trying to get p...', 'C:\\laragon\\www\\...', 31, Array)
#1 C:\laragon\www\tugas\system\View\View.php(246): include('C:\\laragon\\www\\...')
#2 C:\laragon\www\tugas\system\Common.php(1119): CodeIgniter\View\View->render('master_berita', Array, true)
#3 C:\laragon\www\tugas\app\Controllers\Admin\Berita.php(19): view('master_berita', Array)
#4 C:\laragon\www\tugas\system\CodeIgniter.php(918): App\Controllers\Admin\Berita->index()
#5 C:\laragon\www\tugas\system\CodeIgniter.php(404): CodeIgniter\CodeIgniter->runController(Object(App\Controllers\Admin\Berita))
#6 C:\laragon\www\tugas\system\CodeIgniter.php(312): CodeIgniter\CodeIgniter->handleRequest(NULL, Object(Config\Cache), false)
#7 C:\laragon\www\tugas\public\index.php(45): CodeIgniter\CodeIgniter->run()
#8 {main}
CRITICAL - 2020-11-30 05:19:18 --> Undefined variable: data
#0 C:\laragon\www\tugas\app\Views\master_berita.php(31): CodeIgniter\Debug\Exceptions->errorHandler(8, 'Undefined varia...', 'C:\\laragon\\www\\...', 31, Array)
#1 C:\laragon\www\tugas\system\View\View.php(246): include('C:\\laragon\\www\\...')
#2 C:\laragon\www\tugas\system\Common.php(1119): CodeIgniter\View\View->render('master_berita', Array, true)
#3 C:\laragon\www\tugas\app\Controllers\Admin\Berita.php(19): view('master_berita', Array)
#4 C:\laragon\www\tugas\system\CodeIgniter.php(918): App\Controllers\Admin\Berita->index()
#5 C:\laragon\www\tugas\system\CodeIgniter.php(404): CodeIgniter\CodeIgniter->runController(Object(App\Controllers\Admin\Berita))
#6 C:\laragon\www\tugas\system\CodeIgniter.php(312): CodeIgniter\CodeIgniter->handleRequest(NULL, Object(Config\Cache), false)
#7 C:\laragon\www\tugas\public\index.php(45): CodeIgniter\CodeIgniter->run()
#8 {main}
CRITICAL - 2020-11-30 07:43:59 --> Undefined variable: totalTime
#0 C:\laragon\www\tugas\system\Debug\Toolbar\Views\toolbar.tpl.php(56): CodeIgniter\Debug\Exceptions->errorHandler(8, 'Undefined varia...', 'C:\\laragon\\www\\...', 56, Array)
#1 C:\laragon\www\tugas\system\Debug\Toolbar.php(498): include('C:\\laragon\\www\\...')
#2 C:\laragon\www\tugas\system\Debug\Toolbar.php(455): CodeIgniter\Debug\Toolbar->format(Array, 'html')
#3 C:\laragon\www\tugas\app\Config\Events.php(50): CodeIgniter\Debug\Toolbar->respond()
#4 [internal function]: CodeIgniter\Events\Events::Config\{closure}()
#5 C:\laragon\www\tugas\system\Events\Events.php(188): call_user_func(Object(Closure))
#6 C:\laragon\www\tugas\system\CodeIgniter.php(293): CodeIgniter\Events\Events::trigger('pre_system')
#7 C:\laragon\www\tugas\public\index.php(45): CodeIgniter\CodeIgniter->run()
#8 {main}
CRITICAL - 2020-11-30 07:49:33 --> Table 'belajar-ci.user' doesn't exist
#0 C:\laragon\www\tugas\system\Database\MySQLi\Connection.php(331): mysqli->query('SELECT *\nFROM `...')
#1 C:\laragon\www\tugas\system\Database\BaseConnection.php(741): CodeIgniter\Database\MySQLi\Connection->execute('SELECT *\nFROM `...')
#2 C:\laragon\www\tugas\system\Database\BaseConnection.php(669): CodeIgniter\Database\BaseConnection->simpleQuery('SELECT *\nFROM `...')
#3 C:\laragon\www\tugas\system\Database\BaseBuilder.php(1860): CodeIgniter\Database\BaseConnection->query('SELECT *\nFROM `...', Array, false)
#4 C:\laragon\www\tugas\system\Model.php(462): CodeIgniter\Database\BaseBuilder->get()
#5 C:\laragon\www\tugas\app\Controllers\Admin\Users.php(13): CodeIgniter\Model->findAll()
#6 C:\laragon\www\tugas\system\CodeIgniter.php(918): App\Controllers\Admin\Users->index()
#7 C:\laragon\www\tugas\system\CodeIgniter.php(404): CodeIgniter\CodeIgniter->runController(Object(App\Controllers\Admin\Users))
#8 C:\laragon\www\tugas\system\CodeIgniter.php(312): CodeIgniter\CodeIgniter->handleRequest(NULL, Object(Config\Cache), false)
#9 C:\laragon\www\tugas\public\index.php(45): CodeIgniter\CodeIgniter->run()
#10 {main}
CRITICAL - 2020-11-30 07:50:54 --> Table 'belajar-ci.user' doesn't exist
#0 C:\laragon\www\tugas\system\Database\MySQLi\Connection.php(331): mysqli->query('SELECT *\nFROM `...')
#1 C:\laragon\www\tugas\system\Database\BaseConnection.php(741): CodeIgniter\Database\MySQLi\Connection->execute('SELECT *\nFROM `...')
#2 C:\laragon\www\tugas\system\Database\BaseConnection.php(669): CodeIgniter\Database\BaseConnection->simpleQuery('SELECT *\nFROM `...')
#3 C:\laragon\www\tugas\system\Database\BaseBuilder.php(1860): CodeIgniter\Database\BaseConnection->query('SELECT *\nFROM `...', Array, false)
#4 C:\laragon\www\tugas\system\Model.php(462): CodeIgniter\Database\BaseBuilder->get()
#5 C:\laragon\www\tugas\app\Controllers\Admin\Users.php(13): CodeIgniter\Model->findAll()
#6 C:\laragon\www\tugas\system\CodeIgniter.php(918): App\Controllers\Admin\Users->index()
#7 C:\laragon\www\tugas\system\CodeIgniter.php(404): CodeIgniter\CodeIgniter->runController(Object(App\Controllers\Admin\Users))
#8 C:\laragon\www\tugas\system\CodeIgniter.php(312): CodeIgniter\CodeIgniter->handleRequest(NULL, Object(Config\Cache), false)
#9 C:\laragon\www\tugas\public\index.php(45): CodeIgniter\CodeIgniter->run()
#10 {main}
CRITICAL - 2020-11-30 07:50:58 --> Table 'belajar-ci.user' doesn't exist
#0 C:\laragon\www\tugas\system\Database\MySQLi\Connection.php(331): mysqli->query('SELECT *\nFROM `...')
#1 C:\laragon\www\tugas\system\Database\BaseConnection.php(741): CodeIgniter\Database\MySQLi\Connection->execute('SELECT *\nFROM `...')
#2 C:\laragon\www\tugas\system\Database\BaseConnection.php(669): CodeIgniter\Database\BaseConnection->simpleQuery('SELECT *\nFROM `...')
#3 C:\laragon\www\tugas\system\Database\BaseBuilder.php(1860): CodeIgniter\Database\BaseConnection->query('SELECT *\nFROM `...', Array, false)
#4 C:\laragon\www\tugas\system\Model.php(462): CodeIgniter\Database\BaseBuilder->get()
#5 C:\laragon\www\tugas\app\Controllers\Admin\Users.php(13): CodeIgniter\Model->findAll()
#6 C:\laragon\www\tugas\system\CodeIgniter.php(918): App\Controllers\Admin\Users->index()
#7 C:\laragon\www\tugas\system\CodeIgniter.php(404): CodeIgniter\CodeIgniter->runController(Object(App\Controllers\Admin\Users))
#8 C:\laragon\www\tugas\system\CodeIgniter.php(312): CodeIgniter\CodeIgniter->handleRequest(NULL, Object(Config\Cache), false)
#9 C:\laragon\www\tugas\public\index.php(45): CodeIgniter\CodeIgniter->run()
#10 {main}
CRITICAL - 2020-11-30 07:52:13 --> Unknown column 'nim' in 'order clause'
#0 C:\laragon\www\tugas\system\Database\MySQLi\Connection.php(331): mysqli->query('SELECT *\nFROM `...')
#1 C:\laragon\www\tugas\system\Database\BaseConnection.php(741): CodeIgniter\Database\MySQLi\Connection->execute('SELECT *\nFROM `...')
#2 C:\laragon\www\tugas\system\Database\BaseConnection.php(669): CodeIgniter\Database\BaseConnection->simpleQuery('SELECT *\nFROM `...')
#3 C:\laragon\www\tugas\system\Database\BaseBuilder.php(1860): CodeIgniter\Database\BaseConnection->query('SELECT *\nFROM `...', Array, false)
#4 C:\laragon\www\tugas\system\Model.php(462): CodeIgniter\Database\BaseBuilder->get()
#5 C:\laragon\www\tugas\app\Controllers\Admin\Users.php(13): CodeIgniter\Model->findAll()
#6 C:\laragon\www\tugas\system\CodeIgniter.php(918): App\Controllers\Admin\Users->index()
#7 C:\laragon\www\tugas\system\CodeIgniter.php(404): CodeIgniter\CodeIgniter->runController(Object(App\Controllers\Admin\Users))
#8 C:\laragon\www\tugas\system\CodeIgniter.php(312): CodeIgniter\CodeIgniter->handleRequest(NULL, Object(Config\Cache), false)
#9 C:\laragon\www\tugas\public\index.php(45): CodeIgniter\CodeIgniter->run()
#10 {main}
CRITICAL - 2020-11-30 07:52:32 --> Unknown column 'nim' in 'order clause'
#0 C:\laragon\www\tugas\system\Database\MySQLi\Connection.php(331): mysqli->query('SELECT *\nFROM `...')
#1 C:\laragon\www\tugas\system\Database\BaseConnection.php(741): CodeIgniter\Database\MySQLi\Connection->execute('SELECT *\nFROM `...')
#2 C:\laragon\www\tugas\system\Database\BaseConnection.php(669): CodeIgniter\Database\BaseConnection->simpleQuery('SELECT *\nFROM `...')
#3 C:\laragon\www\tugas\system\Database\BaseBuilder.php(1860): CodeIgniter\Database\BaseConnection->query('SELECT *\nFROM `...', Array, false)
#4 C:\laragon\www\tugas\system\Model.php(462): CodeIgniter\Database\BaseBuilder->get()
#5 C:\laragon\www\tugas\app\Controllers\Admin\Users.php(13): CodeIgniter\Model->findAll()
#6 C:\laragon\www\tugas\system\CodeIgniter.php(918): App\Controllers\Admin\Users->index()
#7 C:\laragon\www\tugas\system\CodeIgniter.php(404): CodeIgniter\CodeIgniter->runController(Object(App\Controllers\Admin\Users))
#8 C:\laragon\www\tugas\system\CodeIgniter.php(312): CodeIgniter\CodeIgniter->handleRequest(NULL, Object(Config\Cache), false)
#9 C:\laragon\www\tugas\public\index.php(45): CodeIgniter\CodeIgniter->run()
#10 {main}
CRITICAL - 2020-11-30 07:52:33 --> Unknown column 'nim' in 'order clause'
#0 C:\laragon\www\tugas\system\Database\MySQLi\Connection.php(331): mysqli->query('SELECT *\nFROM `...')
#1 C:\laragon\www\tugas\system\Database\BaseConnection.php(741): CodeIgniter\Database\MySQLi\Connection->execute('SELECT *\nFROM `...')
#2 C:\laragon\www\tugas\system\Database\BaseConnection.php(669): CodeIgniter\Database\BaseConnection->simpleQuery('SELECT *\nFROM `...')
#3 C:\laragon\www\tugas\system\Database\BaseBuilder.php(1860): CodeIgniter\Database\BaseConnection->query('SELECT *\nFROM `...', Array, false)
#4 C:\laragon\www\tugas\system\Model.php(462): CodeIgniter\Database\BaseBuilder->get()
#5 C:\laragon\www\tugas\app\Controllers\Admin\Users.php(13): CodeIgniter\Model->findAll()
#6 C:\laragon\www\tugas\system\CodeIgniter.php(918): App\Controllers\Admin\Users->index()
#7 C:\laragon\www\tugas\system\CodeIgniter.php(404): CodeIgniter\CodeIgniter->runController(Object(App\Controllers\Admin\Users))
#8 C:\laragon\www\tugas\system\CodeIgniter.php(312): CodeIgniter\CodeIgniter->handleRequest(NULL, Object(Config\Cache), false)
#9 C:\laragon\www\tugas\public\index.php(45): CodeIgniter\CodeIgniter->run()
#10 {main}
CRITICAL - 2020-11-30 07:52:36 --> Unknown column 'nim' in 'order clause'
#0 C:\laragon\www\tugas\system\Database\MySQLi\Connection.php(331): mysqli->query('SELECT *\nFROM `...')
#1 C:\laragon\www\tugas\system\Database\BaseConnection.php(741): CodeIgniter\Database\MySQLi\Connection->execute('SELECT *\nFROM `...')
#2 C:\laragon\www\tugas\system\Database\BaseConnection.php(669): CodeIgniter\Database\BaseConnection->simpleQuery('SELECT *\nFROM `...')
#3 C:\laragon\www\tugas\system\Database\BaseBuilder.php(1860): CodeIgniter\Database\BaseConnection->query('SELECT *\nFROM `...', Array, false)
#4 C:\laragon\www\tugas\system\Model.php(462): CodeIgniter\Database\BaseBuilder->get()
#5 C:\laragon\www\tugas\app\Controllers\Admin\Users.php(13): CodeIgniter\Model->findAll()
#6 C:\laragon\www\tugas\system\CodeIgniter.php(918): App\Controllers\Admin\Users->index()
#7 C:\laragon\www\tugas\system\CodeIgniter.php(404): CodeIgniter\CodeIgniter->runController(Object(App\Controllers\Admin\Users))
#8 C:\laragon\www\tugas\system\CodeIgniter.php(312): CodeIgniter\CodeIgniter->handleRequest(NULL, Object(Config\Cache), false)
#9 C:\laragon\www\tugas\public\index.php(45): CodeIgniter\CodeIgniter->run()
#10 {main}
CRITICAL - 2020-11-30 07:53:25 --> Unknown column 'nim' in 'order clause'
#0 C:\laragon\www\tugas\system\Database\MySQLi\Connection.php(331): mysqli->query('SELECT *\nFROM `...')
#1 C:\laragon\www\tugas\system\Database\BaseConnection.php(741): CodeIgniter\Database\MySQLi\Connection->execute('SELECT *\nFROM `...')
#2 C:\laragon\www\tugas\system\Database\BaseConnection.php(669): CodeIgniter\Database\BaseConnection->simpleQuery('SELECT *\nFROM `...')
#3 C:\laragon\www\tugas\system\Database\BaseBuilder.php(1860): CodeIgniter\Database\BaseConnection->query('SELECT *\nFROM `...', Array, false)
#4 C:\laragon\www\tugas\system\Model.php(462): CodeIgniter\Database\BaseBuilder->get()
#5 C:\laragon\www\tugas\app\Controllers\Admin\Users.php(13): CodeIgniter\Model->findAll()
#6 C:\laragon\www\tugas\system\CodeIgniter.php(918): App\Controllers\Admin\Users->index()
#7 C:\laragon\www\tugas\system\CodeIgniter.php(404): CodeIgniter\CodeIgniter->runController(Object(App\Controllers\Admin\Users))
#8 C:\laragon\www\tugas\system\CodeIgniter.php(312): CodeIgniter\CodeIgniter->handleRequest(NULL, Object(Config\Cache), false)
#9 C:\laragon\www\tugas\public\index.php(45): CodeIgniter\CodeIgniter->run()
#10 {main}
CRITICAL - 2020-11-30 07:54:38 --> Unknown column 'nim' in 'order clause'
#0 C:\laragon\www\tugas\system\Database\MySQLi\Connection.php(331): mysqli->query('SELECT *\nFROM `...')
#1 C:\laragon\www\tugas\system\Database\BaseConnection.php(741): CodeIgniter\Database\MySQLi\Connection->execute('SELECT *\nFROM `...')
#2 C:\laragon\www\tugas\system\Database\BaseConnection.php(669): CodeIgniter\Database\BaseConnection->simpleQuery('SELECT *\nFROM `...')
#3 C:\laragon\www\tugas\system\Database\BaseBuilder.php(1860): CodeIgniter\Database\BaseConnection->query('SELECT *\nFROM `...', Array, false)
#4 C:\laragon\www\tugas\system\Model.php(462): CodeIgniter\Database\BaseBuilder->get()
#5 C:\laragon\www\tugas\app\Controllers\Admin\Users.php(13): CodeIgniter\Model->findAll()
#6 C:\laragon\www\tugas\system\CodeIgniter.php(918): App\Controllers\Admin\Users->index()
#7 C:\laragon\www\tugas\system\CodeIgniter.php(404): CodeIgniter\CodeIgniter->runController(Object(App\Controllers\Admin\Users))
#8 C:\laragon\www\tugas\system\CodeIgniter.php(312): CodeIgniter\CodeIgniter->handleRequest(NULL, Object(Config\Cache), false)
#9 C:\laragon\www\tugas\public\index.php(45): CodeIgniter\CodeIgniter->run()
#10 {main}
CRITICAL - 2020-11-30 07:54:40 --> Unknown column 'nim' in 'order clause'
#0 C:\laragon\www\tugas\system\Database\MySQLi\Connection.php(331): mysqli->query('SELECT *\nFROM `...')
#1 C:\laragon\www\tugas\system\Database\BaseConnection.php(741): CodeIgniter\Database\MySQLi\Connection->execute('SELECT *\nFROM `...')
#2 C:\laragon\www\tugas\system\Database\BaseConnection.php(669): CodeIgniter\Database\BaseConnection->simpleQuery('SELECT *\nFROM `...')
#3 C:\laragon\www\tugas\system\Database\BaseBuilder.php(1860): CodeIgniter\Database\BaseConnection->query('SELECT *\nFROM `...', Array, false)
#4 C:\laragon\www\tugas\system\Model.php(462): CodeIgniter\Database\BaseBuilder->get()
#5 C:\laragon\www\tugas\app\Controllers\Admin\Users.php(13): CodeIgniter\Model->findAll()
#6 C:\laragon\www\tugas\system\CodeIgniter.php(918): App\Controllers\Admin\Users->index()
#7 C:\laragon\www\tugas\system\CodeIgniter.php(404): CodeIgniter\CodeIgniter->runController(Object(App\Controllers\Admin\Users))
#8 C:\laragon\www\tugas\system\CodeIgniter.php(312): CodeIgniter\CodeIgniter->handleRequest(NULL, Object(Config\Cache), false)
#9 C:\laragon\www\tugas\public\index.php(45): CodeIgniter\CodeIgniter->run()
#10 {main}
CRITICAL - 2020-11-30 07:55:31 --> Unknown column 'nim' in 'order clause'
#0 C:\laragon\www\tugas\system\Database\MySQLi\Connection.php(331): mysqli->query('SELECT *\nFROM `...')
#1 C:\laragon\www\tugas\system\Database\BaseConnection.php(741): CodeIgniter\Database\MySQLi\Connection->execute('SELECT *\nFROM `...')
#2 C:\laragon\www\tugas\system\Database\BaseConnection.php(669): CodeIgniter\Database\BaseConnection->simpleQuery('SELECT *\nFROM `...')
#3 C:\laragon\www\tugas\system\Database\BaseBuilder.php(1860): CodeIgniter\Database\BaseConnection->query('SELECT *\nFROM `...', Array, false)
#4 C:\laragon\www\tugas\system\Model.php(462): CodeIgniter\Database\BaseBuilder->get()
#5 C:\laragon\www\tugas\app\Controllers\Admin\Users.php(13): CodeIgniter\Model->findAll()
#6 C:\laragon\www\tugas\system\CodeIgniter.php(918): App\Controllers\Admin\Users->index()
#7 C:\laragon\www\tugas\system\CodeIgniter.php(404): CodeIgniter\CodeIgniter->runController(Object(App\Controllers\Admin\Users))
#8 C:\laragon\www\tugas\system\CodeIgniter.php(312): CodeIgniter\CodeIgniter->handleRequest(NULL, Object(Config\Cache), false)
#9 C:\laragon\www\tugas\public\index.php(45): CodeIgniter\CodeIgniter->run()
#10 {main}
CRITICAL - 2020-11-30 07:55:32 --> Unknown column 'nim' in 'order clause'
#0 C:\laragon\www\tugas\system\Database\MySQLi\Connection.php(331): mysqli->query('SELECT *\nFROM `...')
#1 C:\laragon\www\tugas\system\Database\BaseConnection.php(741): CodeIgniter\Database\MySQLi\Connection->execute('SELECT *\nFROM `...')
#2 C:\laragon\www\tugas\system\Database\BaseConnection.php(669): CodeIgniter\Database\BaseConnection->simpleQuery('SELECT *\nFROM `...')
#3 C:\laragon\www\tugas\system\Database\BaseBuilder.php(1860): CodeIgniter\Database\BaseConnection->query('SELECT *\nFROM `...', Array, false)
#4 C:\laragon\www\tugas\system\Model.php(462): CodeIgniter\Database\BaseBuilder->get()
#5 C:\laragon\www\tugas\app\Controllers\Admin\Users.php(13): CodeIgniter\Model->findAll()
#6 C:\laragon\www\tugas\system\CodeIgniter.php(918): App\Controllers\Admin\Users->index()
#7 C:\laragon\www\tugas\system\CodeIgniter.php(404): CodeIgniter\CodeIgniter->runController(Object(App\Controllers\Admin\Users))
#8 C:\laragon\www\tugas\system\CodeIgniter.php(312): CodeIgniter\CodeIgniter->handleRequest(NULL, Object(Config\Cache), false)
#9 C:\laragon\www\tugas\public\index.php(45): CodeIgniter\CodeIgniter->run()
#10 {main}
CRITICAL - 2020-11-30 07:55:33 --> Unknown column 'nim' in 'order clause'
#0 C:\laragon\www\tugas\system\Database\MySQLi\Connection.php(331): mysqli->query('SELECT *\nFROM `...')
#1 C:\laragon\www\tugas\system\Database\BaseConnection.php(741): CodeIgniter\Database\MySQLi\Connection->execute('SELECT *\nFROM `...')
#2 C:\laragon\www\tugas\system\Database\BaseConnection.php(669): CodeIgniter\Database\BaseConnection->simpleQuery('SELECT *\nFROM `...')
#3 C:\laragon\www\tugas\system\Database\BaseBuilder.php(1860): CodeIgniter\Database\BaseConnection->query('SELECT *\nFROM `...', Array, false)
#4 C:\laragon\www\tugas\system\Model.php(462): CodeIgniter\Database\BaseBuilder->get()
#5 C:\laragon\www\tugas\app\Controllers\Admin\Users.php(13): CodeIgniter\Model->findAll()
#6 C:\laragon\www\tugas\system\CodeIgniter.php(918): App\Controllers\Admin\Users->index()
#7 C:\laragon\www\tugas\system\CodeIgniter.php(404): CodeIgniter\CodeIgniter->runController(Object(App\Controllers\Admin\Users))
#8 C:\laragon\www\tugas\system\CodeIgniter.php(312): CodeIgniter\CodeIgniter->handleRequest(NULL, Object(Config\Cache), false)
#9 C:\laragon\www\tugas\public\index.php(45): CodeIgniter\CodeIgniter->run()
#10 {main}
CRITICAL - 2020-11-30 07:55:34 --> Unknown column 'nim' in 'order clause'
#0 C:\laragon\www\tugas\system\Database\MySQLi\Connection.php(331): mysqli->query('SELECT *\nFROM `...')
#1 C:\laragon\www\tugas\system\Database\BaseConnection.php(741): CodeIgniter\Database\MySQLi\Connection->execute('SELECT *\nFROM `...')
#2 C:\laragon\www\tugas\system\Database\BaseConnection.php(669): CodeIgniter\Database\BaseConnection->simpleQuery('SELECT *\nFROM `...')
#3 C:\laragon\www\tugas\system\Database\BaseBuilder.php(1860): CodeIgniter\Database\BaseConnection->query('SELECT *\nFROM `...', Array, false)
#4 C:\laragon\www\tugas\system\Model.php(462): CodeIgniter\Database\BaseBuilder->get()
#5 C:\laragon\www\tugas\app\Controllers\Admin\Users.php(13): CodeIgniter\Model->findAll()
#6 C:\laragon\www\tugas\system\CodeIgniter.php(918): App\Controllers\Admin\Users->index()
#7 C:\laragon\www\tugas\system\CodeIgniter.php(404): CodeIgniter\CodeIgniter->runController(Object(App\Controllers\Admin\Users))
#8 C:\laragon\www\tugas\system\CodeIgniter.php(312): CodeIgniter\CodeIgniter->handleRequest(NULL, Object(Config\Cache), false)
#9 C:\laragon\www\tugas\public\index.php(45): CodeIgniter\CodeIgniter->run()
#10 {main}
CRITICAL - 2020-11-30 07:55:34 --> Unknown column 'nim' in 'order clause'
#0 C:\laragon\www\tugas\system\Database\MySQLi\Connection.php(331): mysqli->query('SELECT *\nFROM `...')
#1 C:\laragon\www\tugas\system\Database\BaseConnection.php(741): CodeIgniter\Database\MySQLi\Connection->execute('SELECT *\nFROM `...')
#2 C:\laragon\www\tugas\system\Database\BaseConnection.php(669): CodeIgniter\Database\BaseConnection->simpleQuery('SELECT *\nFROM `...')
#3 C:\laragon\www\tugas\system\Database\BaseBuilder.php(1860): CodeIgniter\Database\BaseConnection->query('SELECT *\nFROM `...', Array, false)
#4 C:\laragon\www\tugas\system\Model.php(462): CodeIgniter\Database\BaseBuilder->get()
#5 C:\laragon\www\tugas\app\Controllers\Admin\Users.php(13): CodeIgniter\Model->findAll()
#6 C:\laragon\www\tugas\system\CodeIgniter.php(918): App\Controllers\Admin\Users->index()
#7 C:\laragon\www\tugas\system\CodeIgniter.php(404): CodeIgniter\CodeIgniter->runController(Object(App\Controllers\Admin\Users))
#8 C:\laragon\www\tugas\system\CodeIgniter.php(312): CodeIgniter\CodeIgniter->handleRequest(NULL, Object(Config\Cache), false)
#9 C:\laragon\www\tugas\public\index.php(45): CodeIgniter\CodeIgniter->run()
#10 {main}
CRITICAL - 2020-11-30 07:55:34 --> Unknown column 'nim' in 'order clause'
#0 C:\laragon\www\tugas\system\Database\MySQLi\Connection.php(331): mysqli->query('SELECT *\nFROM `...')
#1 C:\laragon\www\tugas\system\Database\BaseConnection.php(741): CodeIgniter\Database\MySQLi\Connection->execute('SELECT *\nFROM `...')
#2 C:\laragon\www\tugas\system\Database\BaseConnection.php(669): CodeIgniter\Database\BaseConnection->simpleQuery('SELECT *\nFROM `...')
#3 C:\laragon\www\tugas\system\Database\BaseBuilder.php(1860): CodeIgniter\Database\BaseConnection->query('SELECT *\nFROM `...', Array, false)
#4 C:\laragon\www\tugas\system\Model.php(462): CodeIgniter\Database\BaseBuilder->get()
#5 C:\laragon\www\tugas\app\Controllers\Admin\Users.php(13): CodeIgniter\Model->findAll()
#6 C:\laragon\www\tugas\system\CodeIgniter.php(918): App\Controllers\Admin\Users->index()
#7 C:\laragon\www\tugas\system\CodeIgniter.php(404): CodeIgniter\CodeIgniter->runController(Object(App\Controllers\Admin\Users))
#8 C:\laragon\www\tugas\system\CodeIgniter.php(312): CodeIgniter\CodeIgniter->handleRequest(NULL, Object(Config\Cache), false)
#9 C:\laragon\www\tugas\public\index.php(45): CodeIgniter\CodeIgniter->run()
#10 {main}
CRITICAL - 2020-11-30 07:55:42 --> Unknown column 'nim' in 'order clause'
#0 C:\laragon\www\tugas\system\Database\MySQLi\Connection.php(331): mysqli->query('SELECT *\nFROM `...')
#1 C:\laragon\www\tugas\system\Database\BaseConnection.php(741): CodeIgniter\Database\MySQLi\Connection->execute('SELECT *\nFROM `...')
#2 C:\laragon\www\tugas\system\Database\BaseConnection.php(669): CodeIgniter\Database\BaseConnection->simpleQuery('SELECT *\nFROM `...')
#3 C:\laragon\www\tugas\system\Database\BaseBuilder.php(1860): CodeIgniter\Database\BaseConnection->query('SELECT *\nFROM `...', Array, false)
#4 C:\laragon\www\tugas\system\Model.php(462): CodeIgniter\Database\BaseBuilder->get()
#5 C:\laragon\www\tugas\app\Controllers\Admin\Users.php(13): CodeIgniter\Model->findAll()
#6 C:\laragon\www\tugas\system\CodeIgniter.php(918): App\Controllers\Admin\Users->index()
#7 C:\laragon\www\tugas\system\CodeIgniter.php(404): CodeIgniter\CodeIgniter->runController(Object(App\Controllers\Admin\Users))
#8 C:\laragon\www\tugas\system\CodeIgniter.php(312): CodeIgniter\CodeIgniter->handleRequest(NULL, Object(Config\Cache), false)
#9 C:\laragon\www\tugas\public\index.php(45): CodeIgniter\CodeIgniter->run()
#10 {main}
CRITICAL - 2020-11-30 07:56:24 --> Invalid file: users_view_all.php
#0 C:\laragon\www\tugas\system\View\View.php(228): CodeIgniter\Exceptions\FrameworkException::forInvalidFile('users_view_all....')
#1 C:\laragon\www\tugas\system\Common.php(1119): CodeIgniter\View\View->render('users_view_all', Array, true)
#2 C:\laragon\www\tugas\app\Controllers\Admin\Users.php(15): view('users_view_all', Array)
#3 C:\laragon\www\tugas\system\CodeIgniter.php(918): App\Controllers\Admin\Users->index()
#4 C:\laragon\www\tugas\system\CodeIgniter.php(404): CodeIgniter\CodeIgniter->runController(Object(App\Controllers\Admin\Users))
#5 C:\laragon\www\tugas\system\CodeIgniter.php(312): CodeIgniter\CodeIgniter->handleRequest(NULL, Object(Config\Cache), false)
#6 C:\laragon\www\tugas\public\index.php(45): CodeIgniter\CodeIgniter->run()
#7 {main}
CRITICAL - 2020-11-30 08:17:07 --> Undefined variable: d
#0 C:\laragon\www\tugas\app\Views\login_index.php(20): CodeIgniter\Debug\Exceptions->errorHandler(8, 'Undefined varia...', 'C:\\laragon\\www\\...', 20, Array)
#1 C:\laragon\www\tugas\system\View\View.php(246): include('C:\\laragon\\www\\...')
#2 C:\laragon\www\tugas\system\Common.php(1119): CodeIgniter\View\View->render('login_index', Array, true)
#3 C:\laragon\www\tugas\app\Controllers\Admin\Login.php(13): view('login_index')
#4 C:\laragon\www\tugas\system\CodeIgniter.php(918): App\Controllers\Admin\Login->index()
#5 C:\laragon\www\tugas\system\CodeIgniter.php(404): CodeIgniter\CodeIgniter->runController(Object(App\Controllers\Admin\Login))
#6 C:\laragon\www\tugas\system\CodeIgniter.php(312): CodeIgniter\CodeIgniter->handleRequest(NULL, Object(Config\Cache), false)
#7 C:\laragon\www\tugas\public\index.php(45): CodeIgniter\CodeIgniter->run()
#8 {main}
CRITICAL - 2020-11-30 08:43:43 --> Undefined index: gambar
#0 C:\laragon\www\tugas\app\Views\berita_view_all.php(22): CodeIgniter\Debug\Exceptions->errorHandler(8, 'Undefined index...', 'C:\\laragon\\www\\...', 22, Array)
#1 C:\laragon\www\tugas\system\View\View.php(246): include('C:\\laragon\\www\\...')
#2 C:\laragon\www\tugas\system\Common.php(1119): CodeIgniter\View\View->render('berita_view_all', Array, true)
#3 C:\laragon\www\tugas\app\Controllers\Admin\Halaman.php(15): view('berita_view_all', Array)
#4 C:\laragon\www\tugas\system\CodeIgniter.php(918): App\Controllers\Admin\Halaman->index()
#5 C:\laragon\www\tugas\system\CodeIgniter.php(404): CodeIgniter\CodeIgniter->runController(Object(App\Controllers\Admin\Halaman))
#6 C:\laragon\www\tugas\system\CodeIgniter.php(312): CodeIgniter\CodeIgniter->handleRequest(NULL, Object(Config\Cache), false)
#7 C:\laragon\www\tugas\public\index.php(45): CodeIgniter\CodeIgniter->run()
#8 {main}
CRITICAL - 2020-11-30 08:44:17 --> Undefined index: gambar
#0 C:\laragon\www\tugas\app\Views\berita_view_all.php(22): CodeIgniter\Debug\Exceptions->errorHandler(8, 'Undefined index...', 'C:\\laragon\\www\\...', 22, Array)
#1 C:\laragon\www\tugas\system\View\View.php(246): include('C:\\laragon\\www\\...')
#2 C:\laragon\www\tugas\system\Common.php(1119): CodeIgniter\View\View->render('berita_view_all', Array, true)
#3 C:\laragon\www\tugas\app\Controllers\Admin\Halaman.php(15): view('berita_view_all', Array)
#4 C:\laragon\www\tugas\system\CodeIgniter.php(918): App\Controllers\Admin\Halaman->index()
#5 C:\laragon\www\tugas\system\CodeIgniter.php(404): CodeIgniter\CodeIgniter->runController(Object(App\Controllers\Admin\Halaman))
#6 C:\laragon\www\tugas\system\CodeIgniter.php(312): CodeIgniter\CodeIgniter->handleRequest(NULL, Object(Config\Cache), false)
#7 C:\laragon\www\tugas\public\index.php(45): CodeIgniter\CodeIgniter->run()
#8 {main}
CRITICAL - 2020-11-30 08:44:18 --> Undefined index: gambar
#0 C:\laragon\www\tugas\app\Views\berita_view_all.php(22): CodeIgniter\Debug\Exceptions->errorHandler(8, 'Undefined index...', 'C:\\laragon\\www\\...', 22, Array)
#1 C:\laragon\www\tugas\system\View\View.php(246): include('C:\\laragon\\www\\...')
#2 C:\laragon\www\tugas\system\Common.php(1119): CodeIgniter\View\View->render('berita_view_all', Array, true)
#3 C:\laragon\www\tugas\app\Controllers\Admin\Halaman.php(15): view('berita_view_all', Array)
#4 C:\laragon\www\tugas\system\CodeIgniter.php(918): App\Controllers\Admin\Halaman->index()
#5 C:\laragon\www\tugas\system\CodeIgniter.php(404): CodeIgniter\CodeIgniter->runController(Object(App\Controllers\Admin\Halaman))
#6 C:\laragon\www\tugas\system\CodeIgniter.php(312): CodeIgniter\CodeIgniter->handleRequest(NULL, Object(Config\Cache), false)
#7 C:\laragon\www\tugas\public\index.php(45): CodeIgniter\CodeIgniter->run()
#8 {main}
CRITICAL - 2020-11-30 08:44:30 --> Undefined index: gambar
#0 C:\laragon\www\tugas\app\Views\berita_view_all.php(22): CodeIgniter\Debug\Exceptions->errorHandler(8, 'Undefined index...', 'C:\\laragon\\www\\...', 22, Array)
#1 C:\laragon\www\tugas\system\View\View.php(246): include('C:\\laragon\\www\\...')
#2 C:\laragon\www\tugas\system\Common.php(1119): CodeIgniter\View\View->render('berita_view_all', Array, true)
#3 C:\laragon\www\tugas\app\Controllers\Admin\Halaman.php(15): view('berita_view_all', Array)
#4 C:\laragon\www\tugas\system\CodeIgniter.php(918): App\Controllers\Admin\Halaman->index()
#5 C:\laragon\www\tugas\system\CodeIgniter.php(404): CodeIgniter\CodeIgniter->runController(Object(App\Controllers\Admin\Halaman))
#6 C:\laragon\www\tugas\system\CodeIgniter.php(312): CodeIgniter\CodeIgniter->handleRequest(NULL, Object(Config\Cache), false)
#7 C:\laragon\www\tugas\public\index.php(45): CodeIgniter\CodeIgniter->run()
#8 {main}
CRITICAL - 2020-11-30 08:44:31 --> Undefined index: gambar
#0 C:\laragon\www\tugas\app\Views\berita_view_all.php(22): CodeIgniter\Debug\Exceptions->errorHandler(8, 'Undefined index...', 'C:\\laragon\\www\\...', 22, Array)
#1 C:\laragon\www\tugas\system\View\View.php(246): include('C:\\laragon\\www\\...')
#2 C:\laragon\www\tugas\system\Common.php(1119): CodeIgniter\View\View->render('berita_view_all', Array, true)
#3 C:\laragon\www\tugas\app\Controllers\Admin\Halaman.php(15): view('berita_view_all', Array)
#4 C:\laragon\www\tugas\system\CodeIgniter.php(918): App\Controllers\Admin\Halaman->index()
#5 C:\laragon\www\tugas\system\CodeIgniter.php(404): CodeIgniter\CodeIgniter->runController(Object(App\Controllers\Admin\Halaman))
#6 C:\laragon\www\tugas\system\CodeIgniter.php(312): CodeIgniter\CodeIgniter->handleRequest(NULL, Object(Config\Cache), false)
#7 C:\laragon\www\tugas\public\index.php(45): CodeIgniter\CodeIgniter->run()
#8 {main}
CRITICAL - 2020-11-30 08:44:33 --> Undefined index: gambar
#0 C:\laragon\www\tugas\app\Views\berita_view_all.php(22): CodeIgniter\Debug\Exceptions->errorHandler(8, 'Undefined index...', 'C:\\laragon\\www\\...', 22, Array)
#1 C:\laragon\www\tugas\system\View\View.php(246): include('C:\\laragon\\www\\...')
#2 C:\laragon\www\tugas\system\Common.php(1119): CodeIgniter\View\View->render('berita_view_all', Array, true)
#3 C:\laragon\www\tugas\app\Controllers\Admin\Halaman.php(15): view('berita_view_all', Array)
#4 C:\laragon\www\tugas\system\CodeIgniter.php(918): App\Controllers\Admin\Halaman->index()
#5 C:\laragon\www\tugas\system\CodeIgniter.php(404): CodeIgniter\CodeIgniter->runController(Object(App\Controllers\Admin\Halaman))
#6 C:\laragon\www\tugas\system\CodeIgniter.php(312): CodeIgniter\CodeIgniter->handleRequest(NULL, Object(Config\Cache), false)
#7 C:\laragon\www\tugas\public\index.php(45): CodeIgniter\CodeIgniter->run()
#8 {main}
CRITICAL - 2020-11-30 09:37:40 --> Undefined variable: halaman
#0 C:\laragon\www\tugas\app\Views\master_berita.php(1): CodeIgniter\Debug\Exceptions->errorHandler(8, 'Undefined varia...', 'C:\\laragon\\www\\...', 1, Array)
#1 C:\laragon\www\tugas\system\View\View.php(246): include('C:\\laragon\\www\\...')
#2 C:\laragon\www\tugas\system\Common.php(1119): CodeIgniter\View\View->render('master_berita', Array, true)
#3 C:\laragon\www\tugas\app\Controllers\Home.php(9): view('master_berita')
#4 C:\laragon\www\tugas\system\CodeIgniter.php(918): App\Controllers\Home->index()
#5 C:\laragon\www\tugas\system\CodeIgniter.php(404): CodeIgniter\CodeIgniter->runController(Object(App\Controllers\Home))
#6 C:\laragon\www\tugas\system\CodeIgniter.php(312): CodeIgniter\CodeIgniter->handleRequest(NULL, Object(Config\Cache), false)
#7 C:\laragon\www\tugas\public\index.php(45): CodeIgniter\CodeIgniter->run()
#8 {main}
CRITICAL - 2020-11-30 09:39:06 --> Undefined variable: halaman
#0 C:\laragon\www\tugas\app\Views\master_berita.php(1): CodeIgniter\Debug\Exceptions->errorHandler(8, 'Undefined varia...', 'C:\\laragon\\www\\...', 1, Array)
#1 C:\laragon\www\tugas\system\View\View.php(246): include('C:\\laragon\\www\\...')
#2 C:\laragon\www\tugas\system\Common.php(1119): CodeIgniter\View\View->render('master_berita', Array, true)
#3 C:\laragon\www\tugas\app\Controllers\Home.php(9): view('master_berita')
#4 C:\laragon\www\tugas\system\CodeIgniter.php(918): App\Controllers\Home->index()
#5 C:\laragon\www\tugas\system\CodeIgniter.php(404): CodeIgniter\CodeIgniter->runController(Object(App\Controllers\Home))
#6 C:\laragon\www\tugas\system\CodeIgniter.php(312): CodeIgniter\CodeIgniter->handleRequest(NULL, Object(Config\Cache), false)
#7 C:\laragon\www\tugas\public\index.php(45): CodeIgniter\CodeIgniter->run()
#8 {main}
CRITICAL - 2020-11-30 09:39:07 --> Undefined variable: halaman
#0 C:\laragon\www\tugas\app\Views\master_berita.php(1): CodeIgniter\Debug\Exceptions->errorHandler(8, 'Undefined varia...', 'C:\\laragon\\www\\...', 1, Array)
#1 C:\laragon\www\tugas\system\View\View.php(246): include('C:\\laragon\\www\\...')
#2 C:\laragon\www\tugas\system\Common.php(1119): CodeIgniter\View\View->render('master_berita', Array, true)
#3 C:\laragon\www\tugas\app\Controllers\Home.php(9): view('master_berita')
#4 C:\laragon\www\tugas\system\CodeIgniter.php(918): App\Controllers\Home->index()
#5 C:\laragon\www\tugas\system\CodeIgniter.php(404): CodeIgniter\CodeIgniter->runController(Object(App\Controllers\Home))
#6 C:\laragon\www\tugas\system\CodeIgniter.php(312): CodeIgniter\CodeIgniter->handleRequest(NULL, Object(Config\Cache), false)
#7 C:\laragon\www\tugas\public\index.php(45): CodeIgniter\CodeIgniter->run()
#8 {main}
CRITICAL - 2020-11-30 09:39:07 --> Undefined variable: halaman
#0 C:\laragon\www\tugas\app\Views\master_berita.php(1): CodeIgniter\Debug\Exceptions->errorHandler(8, 'Undefined varia...', 'C:\\laragon\\www\\...', 1, Array)
#1 C:\laragon\www\tugas\system\View\View.php(246): include('C:\\laragon\\www\\...')
#2 C:\laragon\www\tugas\system\Common.php(1119): CodeIgniter\View\View->render('master_berita', Array, true)
#3 C:\laragon\www\tugas\app\Controllers\Home.php(9): view('master_berita')
#4 C:\laragon\www\tugas\system\CodeIgniter.php(918): App\Controllers\Home->index()
#5 C:\laragon\www\tugas\system\CodeIgniter.php(404): CodeIgniter\CodeIgniter->runController(Object(App\Controllers\Home))
#6 C:\laragon\www\tugas\system\CodeIgniter.php(312): CodeIgniter\CodeIgniter->handleRequest(NULL, Object(Config\Cache), false)
#7 C:\laragon\www\tugas\public\index.php(45): CodeIgniter\CodeIgniter->run()
#8 {main}
CRITICAL - 2020-11-30 09:39:07 --> Undefined variable: halaman
#0 C:\laragon\www\tugas\app\Views\master_berita.php(1): CodeIgniter\Debug\Exceptions->errorHandler(8, 'Undefined varia...', 'C:\\laragon\\www\\...', 1, Array)
#1 C:\laragon\www\tugas\system\View\View.php(246): include('C:\\laragon\\www\\...')
#2 C:\laragon\www\tugas\system\Common.php(1119): CodeIgniter\View\View->render('master_berita', Array, true)
#3 C:\laragon\www\tugas\app\Controllers\Home.php(9): view('master_berita')
#4 C:\laragon\www\tugas\system\CodeIgniter.php(918): App\Controllers\Home->index()
#5 C:\laragon\www\tugas\system\CodeIgniter.php(404): CodeIgniter\CodeIgniter->runController(Object(App\Controllers\Home))
#6 C:\laragon\www\tugas\system\CodeIgniter.php(312): CodeIgniter\CodeIgniter->handleRequest(NULL, Object(Config\Cache), false)
#7 C:\laragon\www\tugas\public\index.php(45): CodeIgniter\CodeIgniter->run()
#8 {main}
CRITICAL - 2020-11-30 09:39:08 --> Undefined variable: halaman
#0 C:\laragon\www\tugas\app\Views\master_berita.php(1): CodeIgniter\Debug\Exceptions->errorHandler(8, 'Undefined varia...', 'C:\\laragon\\www\\...', 1, Array)
#1 C:\laragon\www\tugas\system\View\View.php(246): include('C:\\laragon\\www\\...')
#2 C:\laragon\www\tugas\system\Common.php(1119): CodeIgniter\View\View->render('master_berita', Array, true)
#3 C:\laragon\www\tugas\app\Controllers\Home.php(9): view('master_berita')
#4 C:\laragon\www\tugas\system\CodeIgniter.php(918): App\Controllers\Home->index()
#5 C:\laragon\www\tugas\system\CodeIgniter.php(404): CodeIgniter\CodeIgniter->runController(Object(App\Controllers\Home))
#6 C:\laragon\www\tugas\system\CodeIgniter.php(312): CodeIgniter\CodeIgniter->handleRequest(NULL, Object(Config\Cache), false)
#7 C:\laragon\www\tugas\public\index.php(45): CodeIgniter\CodeIgniter->run()
#8 {main}
CRITICAL - 2020-11-30 09:39:08 --> Undefined variable: halaman
#0 C:\laragon\www\tugas\app\Views\master_berita.php(1): CodeIgniter\Debug\Exceptions->errorHandler(8, 'Undefined varia...', 'C:\\laragon\\www\\...', 1, Array)
#1 C:\laragon\www\tugas\system\View\View.php(246): include('C:\\laragon\\www\\...')
#2 C:\laragon\www\tugas\system\Common.php(1119): CodeIgniter\View\View->render('master_berita', Array, true)
#3 C:\laragon\www\tugas\app\Controllers\Home.php(9): view('master_berita')
#4 C:\laragon\www\tugas\system\CodeIgniter.php(918): App\Controllers\Home->index()
#5 C:\laragon\www\tugas\system\CodeIgniter.php(404): CodeIgniter\CodeIgniter->runController(Object(App\Controllers\Home))
#6 C:\laragon\www\tugas\system\CodeIgniter.php(312): CodeIgniter\CodeIgniter->handleRequest(NULL, Object(Config\Cache), false)
#7 C:\laragon\www\tugas\public\index.php(45): CodeIgniter\CodeIgniter->run()
#8 {main}
CRITICAL - 2020-11-30 09:39:08 --> Undefined variable: halaman
#0 C:\laragon\www\tugas\app\Views\master_berita.php(1): CodeIgniter\Debug\Exceptions->errorHandler(8, 'Undefined varia...', 'C:\\laragon\\www\\...', 1, Array)
#1 C:\laragon\www\tugas\system\View\View.php(246): include('C:\\laragon\\www\\...')
#2 C:\laragon\www\tugas\system\Common.php(1119): CodeIgniter\View\View->render('master_berita', Array, true)
#3 C:\laragon\www\tugas\app\Controllers\Home.php(9): view('master_berita')
#4 C:\laragon\www\tugas\system\CodeIgniter.php(918): App\Controllers\Home->index()
#5 C:\laragon\www\tugas\system\CodeIgniter.php(404): CodeIgniter\CodeIgniter->runController(Object(App\Controllers\Home))
#6 C:\laragon\www\tugas\system\CodeIgniter.php(312): CodeIgniter\CodeIgniter->handleRequest(NULL, Object(Config\Cache), false)
#7 C:\laragon\www\tugas\public\index.php(45): CodeIgniter\CodeIgniter->run()
#8 {main}
CRITICAL - 2020-11-30 09:39:08 --> Undefined variable: halaman
#0 C:\laragon\www\tugas\app\Views\master_berita.php(1): CodeIgniter\Debug\Exceptions->errorHandler(8, 'Undefined varia...', 'C:\\laragon\\www\\...', 1, Array)
#1 C:\laragon\www\tugas\system\View\View.php(246): include('C:\\laragon\\www\\...')
#2 C:\laragon\www\tugas\system\Common.php(1119): CodeIgniter\View\View->render('master_berita', Array, true)
#3 C:\laragon\www\tugas\app\Controllers\Home.php(9): view('master_berita')
#4 C:\laragon\www\tugas\system\CodeIgniter.php(918): App\Controllers\Home->index()
#5 C:\laragon\www\tugas\system\CodeIgniter.php(404): CodeIgniter\CodeIgniter->runController(Object(App\Controllers\Home))
#6 C:\laragon\www\tugas\system\CodeIgniter.php(312): CodeIgniter\CodeIgniter->handleRequest(NULL, Object(Config\Cache), false)
#7 C:\laragon\www\tugas\public\index.php(45): CodeIgniter\CodeIgniter->run()
#8 {main}
CRITICAL - 2020-11-30 09:39:08 --> Undefined variable: halaman
#0 C:\laragon\www\tugas\app\Views\master_berita.php(1): CodeIgniter\Debug\Exceptions->errorHandler(8, 'Undefined varia...', 'C:\\laragon\\www\\...', 1, Array)
#1 C:\laragon\www\tugas\system\View\View.php(246): include('C:\\laragon\\www\\...')
#2 C:\laragon\www\tugas\system\Common.php(1119): CodeIgniter\View\View->render('master_berita', Array, true)
#3 C:\laragon\www\tugas\app\Controllers\Home.php(9): view('master_berita')
#4 C:\laragon\www\tugas\system\CodeIgniter.php(918): App\Controllers\Home->index()
#5 C:\laragon\www\tugas\system\CodeIgniter.php(404): CodeIgniter\CodeIgniter->runController(Object(App\Controllers\Home))
#6 C:\laragon\www\tugas\system\CodeIgniter.php(312): CodeIgniter\CodeIgniter->handleRequest(NULL, Object(Config\Cache), false)
#7 C:\laragon\www\tugas\public\index.php(45): CodeIgniter\CodeIgniter->run()
#8 {main}
CRITICAL - 2020-11-30 09:39:09 --> Undefined variable: halaman
#0 C:\laragon\www\tugas\app\Views\master_berita.php(1): CodeIgniter\Debug\Exceptions->errorHandler(8, 'Undefined varia...', 'C:\\laragon\\www\\...', 1, Array)
#1 C:\laragon\www\tugas\system\View\View.php(246): include('C:\\laragon\\www\\...')
#2 C:\laragon\www\tugas\system\Common.php(1119): CodeIgniter\View\View->render('master_berita', Array, true)
#3 C:\laragon\www\tugas\app\Controllers\Home.php(9): view('master_berita')
#4 C:\laragon\www\tugas\system\CodeIgniter.php(918): App\Controllers\Home->index()
#5 C:\laragon\www\tugas\system\CodeIgniter.php(404): CodeIgniter\CodeIgniter->runController(Object(App\Controllers\Home))
#6 C:\laragon\www\tugas\system\CodeIgniter.php(312): CodeIgniter\CodeIgniter->handleRequest(NULL, Object(Config\Cache), false)
#7 C:\laragon\www\tugas\public\index.php(45): CodeIgniter\CodeIgniter->run()
#8 {main}
CRITICAL - 2020-11-30 09:39:09 --> Undefined variable: halaman
#0 C:\laragon\www\tugas\app\Views\master_berita.php(1): CodeIgniter\Debug\Exceptions->errorHandler(8, 'Undefined varia...', 'C:\\laragon\\www\\...', 1, Array)
#1 C:\laragon\www\tugas\system\View\View.php(246): include('C:\\laragon\\www\\...')
#2 C:\laragon\www\tugas\system\Common.php(1119): CodeIgniter\View\View->render('master_berita', Array, true)
#3 C:\laragon\www\tugas\app\Controllers\Home.php(9): view('master_berita')
#4 C:\laragon\www\tugas\system\CodeIgniter.php(918): App\Controllers\Home->index()
#5 C:\laragon\www\tugas\system\CodeIgniter.php(404): CodeIgniter\CodeIgniter->runController(Object(App\Controllers\Home))
#6 C:\laragon\www\tugas\system\CodeIgniter.php(312): CodeIgniter\CodeIgniter->handleRequest(NULL, Object(Config\Cache), false)
#7 C:\laragon\www\tugas\public\index.php(45): CodeIgniter\CodeIgniter->run()
#8 {main}
CRITICAL - 2020-11-30 09:39:09 --> Undefined variable: halaman
#0 C:\laragon\www\tugas\app\Views\master_berita.php(1): CodeIgniter\Debug\Exceptions->errorHandler(8, 'Undefined varia...', 'C:\\laragon\\www\\...', 1, Array)
#1 C:\laragon\www\tugas\system\View\View.php(246): include('C:\\laragon\\www\\...')
#2 C:\laragon\www\tugas\system\Common.php(1119): CodeIgniter\View\View->render('master_berita', Array, true)
#3 C:\laragon\www\tugas\app\Controllers\Home.php(9): view('master_berita')
#4 C:\laragon\www\tugas\system\CodeIgniter.php(918): App\Controllers\Home->index()
#5 C:\laragon\www\tugas\system\CodeIgniter.php(404): CodeIgniter\CodeIgniter->runController(Object(App\Controllers\Home))
#6 C:\laragon\www\tugas\system\CodeIgniter.php(312): CodeIgniter\CodeIgniter->handleRequest(NULL, Object(Config\Cache), false)
#7 C:\laragon\www\tugas\public\index.php(45): CodeIgniter\CodeIgniter->run()
#8 {main}
CRITICAL - 2020-11-30 09:39:09 --> Undefined variable: halaman
#0 C:\laragon\www\tugas\app\Views\master_berita.php(1): CodeIgniter\Debug\Exceptions->errorHandler(8, 'Undefined varia...', 'C:\\laragon\\www\\...', 1, Array)
#1 C:\laragon\www\tugas\system\View\View.php(246): include('C:\\laragon\\www\\...')
#2 C:\laragon\www\tugas\system\Common.php(1119): CodeIgniter\View\View->render('master_berita', Array, true)
#3 C:\laragon\www\tugas\app\Controllers\Home.php(9): view('master_berita')
#4 C:\laragon\www\tugas\system\CodeIgniter.php(918): App\Controllers\Home->index()
#5 C:\laragon\www\tugas\system\CodeIgniter.php(404): CodeIgniter\CodeIgniter->runController(Object(App\Controllers\Home))
#6 C:\laragon\www\tugas\system\CodeIgniter.php(312): CodeIgniter\CodeIgniter->handleRequest(NULL, Object(Config\Cache), false)
#7 C:\laragon\www\tugas\public\index.php(45): CodeIgniter\CodeIgniter->run()
#8 {main}
CRITICAL - 2020-11-30 09:39:09 --> Undefined variable: halaman
#0 C:\laragon\www\tugas\app\Views\master_berita.php(1): CodeIgniter\Debug\Exceptions->errorHandler(8, 'Undefined varia...', 'C:\\laragon\\www\\...', 1, Array)
#1 C:\laragon\www\tugas\system\View\View.php(246): include('C:\\laragon\\www\\...')
#2 C:\laragon\www\tugas\system\Common.php(1119): CodeIgniter\View\View->render('master_berita', Array, true)
#3 C:\laragon\www\tugas\app\Controllers\Home.php(9): view('master_berita')
#4 C:\laragon\www\tugas\system\CodeIgniter.php(918): App\Controllers\Home->index()
#5 C:\laragon\www\tugas\system\CodeIgniter.php(404): CodeIgniter\CodeIgniter->runController(Object(App\Controllers\Home))
#6 C:\laragon\www\tugas\system\CodeIgniter.php(312): CodeIgniter\CodeIgniter->handleRequest(NULL, Object(Config\Cache), false)
#7 C:\laragon\www\tugas\public\index.php(45): CodeIgniter\CodeIgniter->run()
#8 {main}
CRITICAL - 2020-11-30 09:39:09 --> Undefined variable: halaman
#0 C:\laragon\www\tugas\app\Views\master_berita.php(1): CodeIgniter\Debug\Exceptions->errorHandler(8, 'Undefined varia...', 'C:\\laragon\\www\\...', 1, Array)
#1 C:\laragon\www\tugas\system\View\View.php(246): include('C:\\laragon\\www\\...')
#2 C:\laragon\www\tugas\system\Common.php(1119): CodeIgniter\View\View->render('master_berita', Array, true)
#3 C:\laragon\www\tugas\app\Controllers\Home.php(9): view('master_berita')
#4 C:\laragon\www\tugas\system\CodeIgniter.php(918): App\Controllers\Home->index()
#5 C:\laragon\www\tugas\system\CodeIgniter.php(404): CodeIgniter\CodeIgniter->runController(Object(App\Controllers\Home))
#6 C:\laragon\www\tugas\system\CodeIgniter.php(312): CodeIgniter\CodeIgniter->handleRequest(NULL, Object(Config\Cache), false)
#7 C:\laragon\www\tugas\public\index.php(45): CodeIgniter\CodeIgniter->run()
#8 {main}
CRITICAL - 2020-11-30 09:39:10 --> Undefined variable: halaman
#0 C:\laragon\www\tugas\app\Views\master_berita.php(1): CodeIgniter\Debug\Exceptions->errorHandler(8, 'Undefined varia...', 'C:\\laragon\\www\\...', 1, Array)
#1 C:\laragon\www\tugas\system\View\View.php(246): include('C:\\laragon\\www\\...')
#2 C:\laragon\www\tugas\system\Common.php(1119): CodeIgniter\View\View->render('master_berita', Array, true)
#3 C:\laragon\www\tugas\app\Controllers\Home.php(9): view('master_berita')
#4 C:\laragon\www\tugas\system\CodeIgniter.php(918): App\Controllers\Home->index()
#5 C:\laragon\www\tugas\system\CodeIgniter.php(404): CodeIgniter\CodeIgniter->runController(Object(App\Controllers\Home))
#6 C:\laragon\www\tugas\system\CodeIgniter.php(312): CodeIgniter\CodeIgniter->handleRequest(NULL, Object(Config\Cache), false)
#7 C:\laragon\www\tugas\public\index.php(45): CodeIgniter\CodeIgniter->run()
#8 {main}
CRITICAL - 2020-11-30 09:39:10 --> Undefined variable: halaman
#0 C:\laragon\www\tugas\app\Views\master_berita.php(1): CodeIgniter\Debug\Exceptions->errorHandler(8, 'Undefined varia...', 'C:\\laragon\\www\\...', 1, Array)
#1 C:\laragon\www\tugas\system\View\View.php(246): include('C:\\laragon\\www\\...')
#2 C:\laragon\www\tugas\system\Common.php(1119): CodeIgniter\View\View->render('master_berita', Array, true)
#3 C:\laragon\www\tugas\app\Controllers\Home.php(9): view('master_berita')
#4 C:\laragon\www\tugas\system\CodeIgniter.php(918): App\Controllers\Home->index()
#5 C:\laragon\www\tugas\system\CodeIgniter.php(404): CodeIgniter\CodeIgniter->runController(Object(App\Controllers\Home))
#6 C:\laragon\www\tugas\system\CodeIgniter.php(312): CodeIgniter\CodeIgniter->handleRequest(NULL, Object(Config\Cache), false)
#7 C:\laragon\www\tugas\public\index.php(45): CodeIgniter\CodeIgniter->run()
#8 {main}
CRITICAL - 2020-11-30 09:39:10 --> Undefined variable: halaman
#0 C:\laragon\www\tugas\app\Views\master_berita.php(1): CodeIgniter\Debug\Exceptions->errorHandler(8, 'Undefined varia...', 'C:\\laragon\\www\\...', 1, Array)
#1 C:\laragon\www\tugas\system\View\View.php(246): include('C:\\laragon\\www\\...')
#2 C:\laragon\www\tugas\system\Common.php(1119): CodeIgniter\View\View->render('master_berita', Array, true)
#3 C:\laragon\www\tugas\app\Controllers\Home.php(9): view('master_berita')
#4 C:\laragon\www\tugas\system\CodeIgniter.php(918): App\Controllers\Home->index()
#5 C:\laragon\www\tugas\system\CodeIgniter.php(404): CodeIgniter\CodeIgniter->runController(Object(App\Controllers\Home))
#6 C:\laragon\www\tugas\system\CodeIgniter.php(312): CodeIgniter\CodeIgniter->handleRequest(NULL, Object(Config\Cache), false)
#7 C:\laragon\www\tugas\public\index.php(45): CodeIgniter\CodeIgniter->run()
#8 {main}
CRITICAL - 2020-11-30 09:39:10 --> Undefined variable: halaman
#0 C:\laragon\www\tugas\app\Views\master_berita.php(1): CodeIgniter\Debug\Exceptions->errorHandler(8, 'Undefined varia...', 'C:\\laragon\\www\\...', 1, Array)
#1 C:\laragon\www\tugas\system\View\View.php(246): include('C:\\laragon\\www\\...')
#2 C:\laragon\www\tugas\system\Common.php(1119): CodeIgniter\View\View->render('master_berita', Array, true)
#3 C:\laragon\www\tugas\app\Controllers\Home.php(9): view('master_berita')
#4 C:\laragon\www\tugas\system\CodeIgniter.php(918): App\Controllers\Home->index()
#5 C:\laragon\www\tugas\system\CodeIgniter.php(404): CodeIgniter\CodeIgniter->runController(Object(App\Controllers\Home))
#6 C:\laragon\www\tugas\system\CodeIgniter.php(312): CodeIgniter\CodeIgniter->handleRequest(NULL, Object(Config\Cache), false)
#7 C:\laragon\www\tugas\public\index.php(45): CodeIgniter\CodeIgniter->run()
#8 {main}
CRITICAL - 2020-11-30 09:39:10 --> Undefined variable: halaman
#0 C:\laragon\www\tugas\app\Views\master_berita.php(1): CodeIgniter\Debug\Exceptions->errorHandler(8, 'Undefined varia...', 'C:\\laragon\\www\\...', 1, Array)
#1 C:\laragon\www\tugas\system\View\View.php(246): include('C:\\laragon\\www\\...')
#2 C:\laragon\www\tugas\system\Common.php(1119): CodeIgniter\View\View->render('master_berita', Array, true)
#3 C:\laragon\www\tugas\app\Controllers\Home.php(9): view('master_berita')
#4 C:\laragon\www\tugas\system\CodeIgniter.php(918): App\Controllers\Home->index()
#5 C:\laragon\www\tugas\system\CodeIgniter.php(404): CodeIgniter\CodeIgniter->runController(Object(App\Controllers\Home))
#6 C:\laragon\www\tugas\system\CodeIgniter.php(312): CodeIgniter\CodeIgniter->handleRequest(NULL, Object(Config\Cache), false)
#7 C:\laragon\www\tugas\public\index.php(45): CodeIgniter\CodeIgniter->run()
#8 {main}
CRITICAL - 2020-11-30 09:39:11 --> Undefined variable: halaman
#0 C:\laragon\www\tugas\app\Views\master_berita.php(1): CodeIgniter\Debug\Exceptions->errorHandler(8, 'Undefined varia...', 'C:\\laragon\\www\\...', 1, Array)
#1 C:\laragon\www\tugas\system\View\View.php(246): include('C:\\laragon\\www\\...')
#2 C:\laragon\www\tugas\system\Common.php(1119): CodeIgniter\View\View->render('master_berita', Array, true)
#3 C:\laragon\www\tugas\app\Controllers\Home.php(9): view('master_berita')
#4 C:\laragon\www\tugas\system\CodeIgniter.php(918): App\Controllers\Home->index()
#5 C:\laragon\www\tugas\system\CodeIgniter.php(404): CodeIgniter\CodeIgniter->runController(Object(App\Controllers\Home))
#6 C:\laragon\www\tugas\system\CodeIgniter.php(312): CodeIgniter\CodeIgniter->handleRequest(NULL, Object(Config\Cache), false)
#7 C:\laragon\www\tugas\public\index.php(45): CodeIgniter\CodeIgniter->run()
#8 {main}
CRITICAL - 2020-11-30 09:39:11 --> Undefined variable: halaman
#0 C:\laragon\www\tugas\app\Views\master_berita.php(1): CodeIgniter\Debug\Exceptions->errorHandler(8, 'Undefined varia...', 'C:\\laragon\\www\\...', 1, Array)
#1 C:\laragon\www\tugas\system\View\View.php(246): include('C:\\laragon\\www\\...')
#2 C:\laragon\www\tugas\system\Common.php(1119): CodeIgniter\View\View->render('master_berita', Array, true)
#3 C:\laragon\www\tugas\app\Controllers\Home.php(9): view('master_berita')
#4 C:\laragon\www\tugas\system\CodeIgniter.php(918): App\Controllers\Home->index()
#5 C:\laragon\www\tugas\system\CodeIgniter.php(404): CodeIgniter\CodeIgniter->runController(Object(App\Controllers\Home))
#6 C:\laragon\www\tugas\system\CodeIgniter.php(312): CodeIgniter\CodeIgniter->handleRequest(NULL, Object(Config\Cache), false)
#7 C:\laragon\www\tugas\public\index.php(45): CodeIgniter\CodeIgniter->run()
#8 {main}
CRITICAL - 2020-11-30 09:39:11 --> Undefined variable: halaman
#0 C:\laragon\www\tugas\app\Views\master_berita.php(1): CodeIgniter\Debug\Exceptions->errorHandler(8, 'Undefined varia...', 'C:\\laragon\\www\\...', 1, Array)
#1 C:\laragon\www\tugas\system\View\View.php(246): include('C:\\laragon\\www\\...')
#2 C:\laragon\www\tugas\system\Common.php(1119): CodeIgniter\View\View->render('master_berita', Array, true)
#3 C:\laragon\www\tugas\app\Controllers\Home.php(9): view('master_berita')
#4 C:\laragon\www\tugas\system\CodeIgniter.php(918): App\Controllers\Home->index()
#5 C:\laragon\www\tugas\system\CodeIgniter.php(404): CodeIgniter\CodeIgniter->runController(Object(App\Controllers\Home))
#6 C:\laragon\www\tugas\system\CodeIgniter.php(312): CodeIgniter\CodeIgniter->handleRequest(NULL, Object(Config\Cache), false)
#7 C:\laragon\www\tugas\public\index.php(45): CodeIgniter\CodeIgniter->run()
#8 {main}
CRITICAL - 2020-11-30 09:39:11 --> Undefined variable: halaman
#0 C:\laragon\www\tugas\app\Views\master_berita.php(1): CodeIgniter\Debug\Exceptions->errorHandler(8, 'Undefined varia...', 'C:\\laragon\\www\\...', 1, Array)
#1 C:\laragon\www\tugas\system\View\View.php(246): include('C:\\laragon\\www\\...')
#2 C:\laragon\www\tugas\system\Common.php(1119): CodeIgniter\View\View->render('master_berita', Array, true)
#3 C:\laragon\www\tugas\app\Controllers\Home.php(9): view('master_berita')
#4 C:\laragon\www\tugas\system\CodeIgniter.php(918): App\Controllers\Home->index()
#5 C:\laragon\www\tugas\system\CodeIgniter.php(404): CodeIgniter\CodeIgniter->runController(Object(App\Controllers\Home))
#6 C:\laragon\www\tugas\system\CodeIgniter.php(312): CodeIgniter\CodeIgniter->handleRequest(NULL, Object(Config\Cache), false)
#7 C:\laragon\www\tugas\public\index.php(45): CodeIgniter\CodeIgniter->run()
#8 {main}
CRITICAL - 2020-11-30 09:39:11 --> Undefined variable: halaman
#0 C:\laragon\www\tugas\app\Views\master_berita.php(1): CodeIgniter\Debug\Exceptions->errorHandler(8, 'Undefined varia...', 'C:\\laragon\\www\\...', 1, Array)
#1 C:\laragon\www\tugas\system\View\View.php(246): include('C:\\laragon\\www\\...')
#2 C:\laragon\www\tugas\system\Common.php(1119): CodeIgniter\View\View->render('master_berita', Array, true)
#3 C:\laragon\www\tugas\app\Controllers\Home.php(9): view('master_berita')
#4 C:\laragon\www\tugas\system\CodeIgniter.php(918): App\Controllers\Home->index()
#5 C:\laragon\www\tugas\system\CodeIgniter.php(404): CodeIgniter\CodeIgniter->runController(Object(App\Controllers\Home))
#6 C:\laragon\www\tugas\system\CodeIgniter.php(312): CodeIgniter\CodeIgniter->handleRequest(NULL, Object(Config\Cache), false)
#7 C:\laragon\www\tugas\public\index.php(45): CodeIgniter\CodeIgniter->run()
#8 {main}
CRITICAL - 2020-11-30 09:39:12 --> Undefined variable: halaman
#0 C:\laragon\www\tugas\app\Views\master_berita.php(1): CodeIgniter\Debug\Exceptions->errorHandler(8, 'Undefined varia...', 'C:\\laragon\\www\\...', 1, Array)
#1 C:\laragon\www\tugas\system\View\View.php(246): include('C:\\laragon\\www\\...')
#2 C:\laragon\www\tugas\system\Common.php(1119): CodeIgniter\View\View->render('master_berita', Array, true)
#3 C:\laragon\www\tugas\app\Controllers\Home.php(9): view('master_berita')
#4 C:\laragon\www\tugas\system\CodeIgniter.php(918): App\Controllers\Home->index()
#5 C:\laragon\www\tugas\system\CodeIgniter.php(404): CodeIgniter\CodeIgniter->runController(Object(App\Controllers\Home))
#6 C:\laragon\www\tugas\system\CodeIgniter.php(312): CodeIgniter\CodeIgniter->handleRequest(NULL, Object(Config\Cache), false)
#7 C:\laragon\www\tugas\public\index.php(45): CodeIgniter\CodeIgniter->run()
#8 {main}
CRITICAL - 2020-11-30 09:39:12 --> Undefined variable: halaman
#0 C:\laragon\www\tugas\app\Views\master_berita.php(1): CodeIgniter\Debug\Exceptions->errorHandler(8, 'Undefined varia...', 'C:\\laragon\\www\\...', 1, Array)
#1 C:\laragon\www\tugas\system\View\View.php(246): include('C:\\laragon\\www\\...')
#2 C:\laragon\www\tugas\system\Common.php(1119): CodeIgniter\View\View->render('master_berita', Array, true)
#3 C:\laragon\www\tugas\app\Controllers\Home.php(9): view('master_berita')
#4 C:\laragon\www\tugas\system\CodeIgniter.php(918): App\Controllers\Home->index()
#5 C:\laragon\www\tugas\system\CodeIgniter.php(404): CodeIgniter\CodeIgniter->runController(Object(App\Controllers\Home))
#6 C:\laragon\www\tugas\system\CodeIgniter.php(312): CodeIgniter\CodeIgniter->handleRequest(NULL, Object(Config\Cache), false)
#7 C:\laragon\www\tugas\public\index.php(45): CodeIgniter\CodeIgniter->run()
#8 {main}
CRITICAL - 2020-11-30 09:39:12 --> Undefined variable: halaman
#0 C:\laragon\www\tugas\app\Views\master_berita.php(1): CodeIgniter\Debug\Exceptions->errorHandler(8, 'Undefined varia...', 'C:\\laragon\\www\\...', 1, Array)
#1 C:\laragon\www\tugas\system\View\View.php(246): include('C:\\laragon\\www\\...')
#2 C:\laragon\www\tugas\system\Common.php(1119): CodeIgniter\View\View->render('master_berita', Array, true)
#3 C:\laragon\www\tugas\app\Controllers\Home.php(9): view('master_berita')
#4 C:\laragon\www\tugas\system\CodeIgniter.php(918): App\Controllers\Home->index()
#5 C:\laragon\www\tugas\system\CodeIgniter.php(404): CodeIgniter\CodeIgniter->runController(Object(App\Controllers\Home))
#6 C:\laragon\www\tugas\system\CodeIgniter.php(312): CodeIgniter\CodeIgniter->handleRequest(NULL, Object(Config\Cache), false)
#7 C:\laragon\www\tugas\public\index.php(45): CodeIgniter\CodeIgniter->run()
#8 {main}
CRITICAL - 2020-11-30 09:39:45 --> Undefined variable: halaman
#0 C:\laragon\www\tugas\app\Views\master_berita.php(1): CodeIgniter\Debug\Exceptions->errorHandler(8, 'Undefined varia...', 'C:\\laragon\\www\\...', 1, Array)
#1 C:\laragon\www\tugas\system\View\View.php(246): include('C:\\laragon\\www\\...')
#2 C:\laragon\www\tugas\system\Common.php(1119): CodeIgniter\View\View->render('master_berita', Array, true)
#3 C:\laragon\www\tugas\app\Controllers\Home.php(9): view('master_berita')
#4 C:\laragon\www\tugas\system\CodeIgniter.php(918): App\Controllers\Home->index()
#5 C:\laragon\www\tugas\system\CodeIgniter.php(404): CodeIgniter\CodeIgniter->runController(Object(App\Controllers\Home))
#6 C:\laragon\www\tugas\system\CodeIgniter.php(312): CodeIgniter\CodeIgniter->handleRequest(NULL, Object(Config\Cache), false)
#7 C:\laragon\www\tugas\public\index.php(45): CodeIgniter\CodeIgniter->run()
#8 {main}
CRITICAL - 2020-11-30 09:39:45 --> Undefined variable: halaman
#0 C:\laragon\www\tugas\app\Views\master_berita.php(1): CodeIgniter\Debug\Exceptions->errorHandler(8, 'Undefined varia...', 'C:\\laragon\\www\\...', 1, Array)
#1 C:\laragon\www\tugas\system\View\View.php(246): include('C:\\laragon\\www\\...')
#2 C:\laragon\www\tugas\system\Common.php(1119): CodeIgniter\View\View->render('master_berita', Array, true)
#3 C:\laragon\www\tugas\app\Controllers\Home.php(9): view('master_berita')
#4 C:\laragon\www\tugas\system\CodeIgniter.php(918): App\Controllers\Home->index()
#5 C:\laragon\www\tugas\system\CodeIgniter.php(404): CodeIgniter\CodeIgniter->runController(Object(App\Controllers\Home))
#6 C:\laragon\www\tugas\system\CodeIgniter.php(312): CodeIgniter\CodeIgniter->handleRequest(NULL, Object(Config\Cache), false)
#7 C:\laragon\www\tugas\public\index.php(45): CodeIgniter\CodeIgniter->run()
#8 {main}
CRITICAL - 2020-11-30 09:39:46 --> Undefined variable: halaman
#0 C:\laragon\www\tugas\app\Views\master_berita.php(1): CodeIgniter\Debug\Exceptions->errorHandler(8, 'Undefined varia...', 'C:\\laragon\\www\\...', 1, Array)
#1 C:\laragon\www\tugas\system\View\View.php(246): include('C:\\laragon\\www\\...')
#2 C:\laragon\www\tugas\system\Common.php(1119): CodeIgniter\View\View->render('master_berita', Array, true)
#3 C:\laragon\www\tugas\app\Controllers\Home.php(9): view('master_berita')
#4 C:\laragon\www\tugas\system\CodeIgniter.php(918): App\Controllers\Home->index()
#5 C:\laragon\www\tugas\system\CodeIgniter.php(404): CodeIgniter\CodeIgniter->runController(Object(App\Controllers\Home))
#6 C:\laragon\www\tugas\system\CodeIgniter.php(312): CodeIgniter\CodeIgniter->handleRequest(NULL, Object(Config\Cache), false)
#7 C:\laragon\www\tugas\public\index.php(45): CodeIgniter\CodeIgniter->run()
#8 {main}
CRITICAL - 2020-11-30 09:39:46 --> Undefined variable: halaman
#0 C:\laragon\www\tugas\app\Views\master_berita.php(1): CodeIgniter\Debug\Exceptions->errorHandler(8, 'Undefined varia...', 'C:\\laragon\\www\\...', 1, Array)
#1 C:\laragon\www\tugas\system\View\View.php(246): include('C:\\laragon\\www\\...')
#2 C:\laragon\www\tugas\system\Common.php(1119): CodeIgniter\View\View->render('master_berita', Array, true)
#3 C:\laragon\www\tugas\app\Controllers\Home.php(9): view('master_berita')
#4 C:\laragon\www\tugas\system\CodeIgniter.php(918): App\Controllers\Home->index()
#5 C:\laragon\www\tugas\system\CodeIgniter.php(404): CodeIgniter\CodeIgniter->runController(Object(App\Controllers\Home))
#6 C:\laragon\www\tugas\system\CodeIgniter.php(312): CodeIgniter\CodeIgniter->handleRequest(NULL, Object(Config\Cache), false)
#7 C:\laragon\www\tugas\public\index.php(45): CodeIgniter\CodeIgniter->run()
#8 {main}
CRITICAL - 2020-11-30 09:39:46 --> Undefined variable: halaman
#0 C:\laragon\www\tugas\app\Views\master_berita.php(1): CodeIgniter\Debug\Exceptions->errorHandler(8, 'Undefined varia...', 'C:\\laragon\\www\\...', 1, Array)
#1 C:\laragon\www\tugas\system\View\View.php(246): include('C:\\laragon\\www\\...')
#2 C:\laragon\www\tugas\system\Common.php(1119): CodeIgniter\View\View->render('master_berita', Array, true)
#3 C:\laragon\www\tugas\app\Controllers\Home.php(9): view('master_berita')
#4 C:\laragon\www\tugas\system\CodeIgniter.php(918): App\Controllers\Home->index()
#5 C:\laragon\www\tugas\system\CodeIgniter.php(404): CodeIgniter\CodeIgniter->runController(Object(App\Controllers\Home))
#6 C:\laragon\www\tugas\system\CodeIgniter.php(312): CodeIgniter\CodeIgniter->handleRequest(NULL, Object(Config\Cache), false)
#7 C:\laragon\www\tugas\public\index.php(45): CodeIgniter\CodeIgniter->run()
#8 {main}
CRITICAL - 2020-11-30 09:39:46 --> Undefined variable: halaman
#0 C:\laragon\www\tugas\app\Views\master_berita.php(1): CodeIgniter\Debug\Exceptions->errorHandler(8, 'Undefined varia...', 'C:\\laragon\\www\\...', 1, Array)
#1 C:\laragon\www\tugas\system\View\View.php(246): include('C:\\laragon\\www\\...')
#2 C:\laragon\www\tugas\system\Common.php(1119): CodeIgniter\View\View->render('master_berita', Array, true)
#3 C:\laragon\www\tugas\app\Controllers\Home.php(9): view('master_berita')
#4 C:\laragon\www\tugas\system\CodeIgniter.php(918): App\Controllers\Home->index()
#5 C:\laragon\www\tugas\system\CodeIgniter.php(404): CodeIgniter\CodeIgniter->runController(Object(App\Controllers\Home))
#6 C:\laragon\www\tugas\system\CodeIgniter.php(312): CodeIgniter\CodeIgniter->handleRequest(NULL, Object(Config\Cache), false)
#7 C:\laragon\www\tugas\public\index.php(45): CodeIgniter\CodeIgniter->run()
#8 {main}
CRITICAL - 2020-11-30 09:39:46 --> Undefined variable: halaman
#0 C:\laragon\www\tugas\app\Views\master_berita.php(1): CodeIgniter\Debug\Exceptions->errorHandler(8, 'Undefined varia...', 'C:\\laragon\\www\\...', 1, Array)
#1 C:\laragon\www\tugas\system\View\View.php(246): include('C:\\laragon\\www\\...')
#2 C:\laragon\www\tugas\system\Common.php(1119): CodeIgniter\View\View->render('master_berita', Array, true)
#3 C:\laragon\www\tugas\app\Controllers\Home.php(9): view('master_berita')
#4 C:\laragon\www\tugas\system\CodeIgniter.php(918): App\Controllers\Home->index()
#5 C:\laragon\www\tugas\system\CodeIgniter.php(404): CodeIgniter\CodeIgniter->runController(Object(App\Controllers\Home))
#6 C:\laragon\www\tugas\system\CodeIgniter.php(312): CodeIgniter\CodeIgniter->handleRequest(NULL, Object(Config\Cache), false)
#7 C:\laragon\www\tugas\public\index.php(45): CodeIgniter\CodeIgniter->run()
#8 {main}
CRITICAL - 2020-11-30 09:39:47 --> Undefined variable: halaman
#0 C:\laragon\www\tugas\app\Views\master_berita.php(1): CodeIgniter\Debug\Exceptions->errorHandler(8, 'Undefined varia...', 'C:\\laragon\\www\\...', 1, Array)
#1 C:\laragon\www\tugas\system\View\View.php(246): include('C:\\laragon\\www\\...')
#2 C:\laragon\www\tugas\system\Common.php(1119): CodeIgniter\View\View->render('master_berita', Array, true)
#3 C:\laragon\www\tugas\app\Controllers\Home.php(9): view('master_berita')
#4 C:\laragon\www\tugas\system\CodeIgniter.php(918): App\Controllers\Home->index()
#5 C:\laragon\www\tugas\system\CodeIgniter.php(404): CodeIgniter\CodeIgniter->runController(Object(App\Controllers\Home))
#6 C:\laragon\www\tugas\system\CodeIgniter.php(312): CodeIgniter\CodeIgniter->handleRequest(NULL, Object(Config\Cache), false)
#7 C:\laragon\www\tugas\public\index.php(45): CodeIgniter\CodeIgniter->run()
#8 {main}
CRITICAL - 2020-11-30 09:39:47 --> Undefined variable: halaman
#0 C:\laragon\www\tugas\app\Views\master_berita.php(1): CodeIgniter\Debug\Exceptions->errorHandler(8, 'Undefined varia...', 'C:\\laragon\\www\\...', 1, Array)
#1 C:\laragon\www\tugas\system\View\View.php(246): include('C:\\laragon\\www\\...')
#2 C:\laragon\www\tugas\system\Common.php(1119): CodeIgniter\View\View->render('master_berita', Array, true)
#3 C:\laragon\www\tugas\app\Controllers\Home.php(9): view('master_berita')
#4 C:\laragon\www\tugas\system\CodeIgniter.php(918): App\Controllers\Home->index()
#5 C:\laragon\www\tugas\system\CodeIgniter.php(404): CodeIgniter\CodeIgniter->runController(Object(App\Controllers\Home))
#6 C:\laragon\www\tugas\system\CodeIgniter.php(312): CodeIgniter\CodeIgniter->handleRequest(NULL, Object(Config\Cache), false)
#7 C:\laragon\www\tugas\public\index.php(45): CodeIgniter\CodeIgniter->run()
#8 {main}
CRITICAL - 2020-11-30 09:39:47 --> Undefined variable: halaman
#0 C:\laragon\www\tugas\app\Views\master_berita.php(1): CodeIgniter\Debug\Exceptions->errorHandler(8, 'Undefined varia...', 'C:\\laragon\\www\\...', 1, Array)
#1 C:\laragon\www\tugas\system\View\View.php(246): include('C:\\laragon\\www\\...')
#2 C:\laragon\www\tugas\system\Common.php(1119): CodeIgniter\View\View->render('master_berita', Array, true)
#3 C:\laragon\www\tugas\app\Controllers\Home.php(9): view('master_berita')
#4 C:\laragon\www\tugas\system\CodeIgniter.php(918): App\Controllers\Home->index()
#5 C:\laragon\www\tugas\system\CodeIgniter.php(404): CodeIgniter\CodeIgniter->runController(Object(App\Controllers\Home))
#6 C:\laragon\www\tugas\system\CodeIgniter.php(312): CodeIgniter\CodeIgniter->handleRequest(NULL, Object(Config\Cache), false)
#7 C:\laragon\www\tugas\public\index.php(45): CodeIgniter\CodeIgniter->run()
#8 {main}
CRITICAL - 2020-11-30 09:39:47 --> Undefined variable: halaman
#0 C:\laragon\www\tugas\app\Views\master_berita.php(1): CodeIgniter\Debug\Exceptions->errorHandler(8, 'Undefined varia...', 'C:\\laragon\\www\\...', 1, Array)
#1 C:\laragon\www\tugas\system\View\View.php(246): include('C:\\laragon\\www\\...')
#2 C:\laragon\www\tugas\system\Common.php(1119): CodeIgniter\View\View->render('master_berita', Array, true)
#3 C:\laragon\www\tugas\app\Controllers\Home.php(9): view('master_berita')
#4 C:\laragon\www\tugas\system\CodeIgniter.php(918): App\Controllers\Home->index()
#5 C:\laragon\www\tugas\system\CodeIgniter.php(404): CodeIgniter\CodeIgniter->runController(Object(App\Controllers\Home))
#6 C:\laragon\www\tugas\system\CodeIgniter.php(312): CodeIgniter\CodeIgniter->handleRequest(NULL, Object(Config\Cache), false)
#7 C:\laragon\www\tugas\public\index.php(45): CodeIgniter\CodeIgniter->run()
#8 {main}
CRITICAL - 2020-11-30 09:39:47 --> Undefined variable: halaman
#0 C:\laragon\www\tugas\app\Views\master_berita.php(1): CodeIgniter\Debug\Exceptions->errorHandler(8, 'Undefined varia...', 'C:\\laragon\\www\\...', 1, Array)
#1 C:\laragon\www\tugas\system\View\View.php(246): include('C:\\laragon\\www\\...')
#2 C:\laragon\www\tugas\system\Common.php(1119): CodeIgniter\View\View->render('master_berita', Array, true)
#3 C:\laragon\www\tugas\app\Controllers\Home.php(9): view('master_berita')
#4 C:\laragon\www\tugas\system\CodeIgniter.php(918): App\Controllers\Home->index()
#5 C:\laragon\www\tugas\system\CodeIgniter.php(404): CodeIgniter\CodeIgniter->runController(Object(App\Controllers\Home))
#6 C:\laragon\www\tugas\system\CodeIgniter.php(312): CodeIgniter\CodeIgniter->handleRequest(NULL, Object(Config\Cache), false)
#7 C:\laragon\www\tugas\public\index.php(45): CodeIgniter\CodeIgniter->run()
#8 {main}
