CRITICAL - 2020-11-16 20:10:56 --> Class 'App\Controllers\Admin\BaseController' not found
#0 [internal function]: CodeIgniter\Debug\Exceptions->shutdownHandler()
#1 {main}
CRITICAL - 2020-11-16 20:11:51 --> Class 'App\Controllers\Admin\BaseController' not found
#0 [internal function]: CodeIgniter\Debug\Exceptions->shutdownHandler()
#1 {main}
CRITICAL - 2020-11-16 20:11:54 --> Class 'App\Controllers\Admin\BaseController' not found
#0 [internal function]: CodeIgniter\Debug\Exceptions->shutdownHandler()
#1 {main}
CRITICAL - 2020-11-16 20:48:34 --> Class 'App\Controllers\Admin\UserModel' not found
#0 C:\laragon\www\belajar-ci\system\CodeIgniter.php(918): App\Controllers\Admin\Users->index()
#1 C:\laragon\www\belajar-ci\system\CodeIgniter.php(404): CodeIgniter\CodeIgniter->runController(Object(App\Controllers\Admin\Users))
#2 C:\laragon\www\belajar-ci\system\CodeIgniter.php(312): CodeIgniter\CodeIgniter->handleRequest(NULL, Object(Config\Cache), false)
#3 C:\laragon\www\belajar-ci\public\index.php(45): CodeIgniter\CodeIgniter->run()
#4 {main}
CRITICAL - 2020-11-16 20:48:38 --> Class 'App\Controllers\Admin\UserModel' not found
#0 C:\laragon\www\belajar-ci\system\CodeIgniter.php(918): App\Controllers\Admin\Users->index()
#1 C:\laragon\www\belajar-ci\system\CodeIgniter.php(404): CodeIgniter\CodeIgniter->runController(Object(App\Controllers\Admin\Users))
#2 C:\laragon\www\belajar-ci\system\CodeIgniter.php(312): CodeIgniter\CodeIgniter->handleRequest(NULL, Object(Config\Cache), false)
#3 C:\laragon\www\belajar-ci\public\index.php(45): CodeIgniter\CodeIgniter->run()
#4 {main}
CRITICAL - 2020-11-16 20:48:39 --> Class 'App\Controllers\Admin\UserModel' not found
#0 C:\laragon\www\belajar-ci\system\CodeIgniter.php(918): App\Controllers\Admin\Users->index()
#1 C:\laragon\www\belajar-ci\system\CodeIgniter.php(404): CodeIgniter\CodeIgniter->runController(Object(App\Controllers\Admin\Users))
#2 C:\laragon\www\belajar-ci\system\CodeIgniter.php(312): CodeIgniter\CodeIgniter->handleRequest(NULL, Object(Config\Cache), false)
#3 C:\laragon\www\belajar-ci\public\index.php(45): CodeIgniter\CodeIgniter->run()
#4 {main}
CRITICAL - 2020-11-16 20:48:40 --> Class 'App\Controllers\Admin\UserModel' not found
#0 C:\laragon\www\belajar-ci\system\CodeIgniter.php(918): App\Controllers\Admin\Users->index()
#1 C:\laragon\www\belajar-ci\system\CodeIgniter.php(404): CodeIgniter\CodeIgniter->runController(Object(App\Controllers\Admin\Users))
#2 C:\laragon\www\belajar-ci\system\CodeIgniter.php(312): CodeIgniter\CodeIgniter->handleRequest(NULL, Object(Config\Cache), false)
#3 C:\laragon\www\belajar-ci\public\index.php(45): CodeIgniter\CodeIgniter->run()
#4 {main}
CRITICAL - 2020-11-16 20:48:53 --> Class 'Codeigniter\Model' not found
#0 [internal function]: CodeIgniter\Debug\Exceptions->shutdownHandler()
#1 {main}
CRITICAL - 2020-11-16 20:48:54 --> Class 'Codeigniter\Model' not found
#0 [internal function]: CodeIgniter\Debug\Exceptions->shutdownHandler()
#1 {main}
CRITICAL - 2020-11-16 20:48:56 --> Class 'Codeigniter\Model' not found
#0 [internal function]: CodeIgniter\Debug\Exceptions->shutdownHandler()
#1 {main}
CRITICAL - 2020-11-16 20:48:56 --> Class 'Codeigniter\Model' not found
#0 [internal function]: CodeIgniter\Debug\Exceptions->shutdownHandler()
#1 {main}
CRITICAL - 2020-11-16 20:49:32 --> Class 'Codeigniter\Model' not found
#0 [internal function]: CodeIgniter\Debug\Exceptions->shutdownHandler()
#1 {main}
CRITICAL - 2020-11-16 20:49:33 --> Class 'Codeigniter\Model' not found
#0 [internal function]: CodeIgniter\Debug\Exceptions->shutdownHandler()
#1 {main}
CRITICAL - 2020-11-16 20:49:34 --> Class 'Codeigniter\Model' not found
#0 [internal function]: CodeIgniter\Debug\Exceptions->shutdownHandler()
#1 {main}
CRITICAL - 2020-11-16 20:49:34 --> Class 'Codeigniter\Model' not found
#0 [internal function]: CodeIgniter\Debug\Exceptions->shutdownHandler()
#1 {main}
CRITICAL - 2020-11-16 20:49:34 --> Class 'Codeigniter\Model' not found
#0 [internal function]: CodeIgniter\Debug\Exceptions->shutdownHandler()
#1 {main}
CRITICAL - 2020-11-16 20:49:34 --> Class 'Codeigniter\Model' not found
#0 [internal function]: CodeIgniter\Debug\Exceptions->shutdownHandler()
#1 {main}
CRITICAL - 2020-11-16 20:49:35 --> Class 'Codeigniter\Model' not found
#0 [internal function]: CodeIgniter\Debug\Exceptions->shutdownHandler()
#1 {main}
CRITICAL - 2020-11-16 20:49:35 --> Class 'Codeigniter\Model' not found
#0 [internal function]: CodeIgniter\Debug\Exceptions->shutdownHandler()
#1 {main}
CRITICAL - 2020-11-16 20:49:37 --> Class 'Codeigniter\Model' not found
#0 [internal function]: CodeIgniter\Debug\Exceptions->shutdownHandler()
#1 {main}
CRITICAL - 2020-11-16 21:20:28 --> Unable to connect to the database.
#0 C:\laragon\www\belajar-ci\system\Database\BaseConnection.php(646): CodeIgniter\Database\BaseConnection->initialize()
#1 C:\laragon\www\belajar-ci\system\Database\BaseBuilder.php(1860): CodeIgniter\Database\BaseConnection->query('SELECT *\nFROM `...', Array, false)
#2 C:\laragon\www\belajar-ci\system\Model.php(462): CodeIgniter\Database\BaseBuilder->get()
#3 C:\laragon\www\belajar-ci\app\Controllers\Admin\Users.php(10): CodeIgniter\Model->findAll()
#4 C:\laragon\www\belajar-ci\system\CodeIgniter.php(918): App\Controllers\Admin\Users->index()
#5 C:\laragon\www\belajar-ci\system\CodeIgniter.php(404): CodeIgniter\CodeIgniter->runController(Object(App\Controllers\Admin\Users))
#6 C:\laragon\www\belajar-ci\system\CodeIgniter.php(312): CodeIgniter\CodeIgniter->handleRequest(NULL, Object(Config\Cache), false)
#7 C:\laragon\www\belajar-ci\public\index.php(45): CodeIgniter\CodeIgniter->run()
#8 {main}
CRITICAL - 2020-11-16 21:20:29 --> Unable to connect to the database.
#0 C:\laragon\www\belajar-ci\system\Database\BaseConnection.php(646): CodeIgniter\Database\BaseConnection->initialize()
#1 C:\laragon\www\belajar-ci\system\Database\BaseBuilder.php(1860): CodeIgniter\Database\BaseConnection->query('SELECT *\nFROM `...', Array, false)
#2 C:\laragon\www\belajar-ci\system\Model.php(462): CodeIgniter\Database\BaseBuilder->get()
#3 C:\laragon\www\belajar-ci\app\Controllers\Admin\Users.php(10): CodeIgniter\Model->findAll()
#4 C:\laragon\www\belajar-ci\system\CodeIgniter.php(918): App\Controllers\Admin\Users->index()
#5 C:\laragon\www\belajar-ci\system\CodeIgniter.php(404): CodeIgniter\CodeIgniter->runController(Object(App\Controllers\Admin\Users))
#6 C:\laragon\www\belajar-ci\system\CodeIgniter.php(312): CodeIgniter\CodeIgniter->handleRequest(NULL, Object(Config\Cache), false)
#7 C:\laragon\www\belajar-ci\public\index.php(45): CodeIgniter\CodeIgniter->run()
#8 {main}
CRITICAL - 2020-11-16 21:23:01 --> Unable to connect to the database.
#0 C:\laragon\www\belajar-ci\system\Database\BaseConnection.php(646): CodeIgniter\Database\BaseConnection->initialize()
#1 C:\laragon\www\belajar-ci\system\Database\BaseBuilder.php(1860): CodeIgniter\Database\BaseConnection->query('SELECT *\nFROM `...', Array, false)
#2 C:\laragon\www\belajar-ci\system\Model.php(462): CodeIgniter\Database\BaseBuilder->get()
#3 C:\laragon\www\belajar-ci\app\Controllers\Admin\Users.php(10): CodeIgniter\Model->findAll()
#4 C:\laragon\www\belajar-ci\system\CodeIgniter.php(918): App\Controllers\Admin\Users->index()
#5 C:\laragon\www\belajar-ci\system\CodeIgniter.php(404): CodeIgniter\CodeIgniter->runController(Object(App\Controllers\Admin\Users))
#6 C:\laragon\www\belajar-ci\system\CodeIgniter.php(312): CodeIgniter\CodeIgniter->handleRequest(NULL, Object(Config\Cache), false)
#7 C:\laragon\www\belajar-ci\public\index.php(45): CodeIgniter\CodeIgniter->run()
#8 {main}
CRITICAL - 2020-11-16 21:24:57 --> Unable to connect to the database.
#0 C:\laragon\www\belajar-ci\system\Database\BaseConnection.php(646): CodeIgniter\Database\BaseConnection->initialize()
#1 C:\laragon\www\belajar-ci\system\Database\BaseBuilder.php(1860): CodeIgniter\Database\BaseConnection->query('SELECT *\nFROM `...', Array, false)
#2 C:\laragon\www\belajar-ci\system\Model.php(462): CodeIgniter\Database\BaseBuilder->get()
#3 C:\laragon\www\belajar-ci\app\Controllers\Admin\Users.php(10): CodeIgniter\Model->findAll()
#4 C:\laragon\www\belajar-ci\system\CodeIgniter.php(918): App\Controllers\Admin\Users->index()
#5 C:\laragon\www\belajar-ci\system\CodeIgniter.php(404): CodeIgniter\CodeIgniter->runController(Object(App\Controllers\Admin\Users))
#6 C:\laragon\www\belajar-ci\system\CodeIgniter.php(312): CodeIgniter\CodeIgniter->handleRequest(NULL, Object(Config\Cache), false)
#7 C:\laragon\www\belajar-ci\public\index.php(45): CodeIgniter\CodeIgniter->run()
#8 {main}
CRITICAL - 2020-11-16 21:25:17 --> Unable to connect to the database.
#0 C:\laragon\www\belajar-ci\system\Database\BaseConnection.php(646): CodeIgniter\Database\BaseConnection->initialize()
#1 C:\laragon\www\belajar-ci\system\Database\BaseBuilder.php(1860): CodeIgniter\Database\BaseConnection->query('SELECT *\nFROM `...', Array, false)
#2 C:\laragon\www\belajar-ci\system\Model.php(462): CodeIgniter\Database\BaseBuilder->get()
#3 C:\laragon\www\belajar-ci\app\Controllers\Admin\Users.php(10): CodeIgniter\Model->findAll()
#4 C:\laragon\www\belajar-ci\system\CodeIgniter.php(918): App\Controllers\Admin\Users->index()
#5 C:\laragon\www\belajar-ci\system\CodeIgniter.php(404): CodeIgniter\CodeIgniter->runController(Object(App\Controllers\Admin\Users))
#6 C:\laragon\www\belajar-ci\system\CodeIgniter.php(312): CodeIgniter\CodeIgniter->handleRequest(NULL, Object(Config\Cache), false)
#7 C:\laragon\www\belajar-ci\public\index.php(45): CodeIgniter\CodeIgniter->run()
#8 {main}
CRITICAL - 2020-11-16 21:25:22 --> Unable to connect to the database.
#0 C:\laragon\www\belajar-ci\system\Database\BaseConnection.php(646): CodeIgniter\Database\BaseConnection->initialize()
#1 C:\laragon\www\belajar-ci\system\Database\BaseBuilder.php(1860): CodeIgniter\Database\BaseConnection->query('SELECT *\nFROM `...', Array, false)
#2 C:\laragon\www\belajar-ci\system\Model.php(462): CodeIgniter\Database\BaseBuilder->get()
#3 C:\laragon\www\belajar-ci\app\Controllers\Admin\Users.php(10): CodeIgniter\Model->findAll()
#4 C:\laragon\www\belajar-ci\system\CodeIgniter.php(918): App\Controllers\Admin\Users->index()
#5 C:\laragon\www\belajar-ci\system\CodeIgniter.php(404): CodeIgniter\CodeIgniter->runController(Object(App\Controllers\Admin\Users))
#6 C:\laragon\www\belajar-ci\system\CodeIgniter.php(312): CodeIgniter\CodeIgniter->handleRequest(NULL, Object(Config\Cache), false)
#7 C:\laragon\www\belajar-ci\public\index.php(45): CodeIgniter\CodeIgniter->run()
#8 {main}
CRITICAL - 2020-11-16 21:30:45 --> Unable to connect to the database.
#0 C:\laragon\www\belajar-ci\system\Database\BaseConnection.php(646): CodeIgniter\Database\BaseConnection->initialize()
#1 C:\laragon\www\belajar-ci\system\Database\BaseBuilder.php(1860): CodeIgniter\Database\BaseConnection->query('SELECT *\nFROM `...', Array, false)
#2 C:\laragon\www\belajar-ci\system\Model.php(462): CodeIgniter\Database\BaseBuilder->get()
#3 C:\laragon\www\belajar-ci\app\Controllers\Admin\Users.php(10): CodeIgniter\Model->findAll()
#4 C:\laragon\www\belajar-ci\system\CodeIgniter.php(918): App\Controllers\Admin\Users->index()
#5 C:\laragon\www\belajar-ci\system\CodeIgniter.php(404): CodeIgniter\CodeIgniter->runController(Object(App\Controllers\Admin\Users))
#6 C:\laragon\www\belajar-ci\system\CodeIgniter.php(312): CodeIgniter\CodeIgniter->handleRequest(NULL, Object(Config\Cache), false)
#7 C:\laragon\www\belajar-ci\public\index.php(45): CodeIgniter\CodeIgniter->run()
#8 {main}
CRITICAL - 2020-11-16 21:31:05 --> Unable to connect to the database.
#0 C:\laragon\www\belajar-ci\system\Database\BaseConnection.php(646): CodeIgniter\Database\BaseConnection->initialize()
#1 C:\laragon\www\belajar-ci\system\Database\BaseBuilder.php(1860): CodeIgniter\Database\BaseConnection->query('SELECT *\nFROM `...', Array, false)
#2 C:\laragon\www\belajar-ci\system\Model.php(462): CodeIgniter\Database\BaseBuilder->get()
#3 C:\laragon\www\belajar-ci\app\Controllers\Admin\Users.php(10): CodeIgniter\Model->findAll()
#4 C:\laragon\www\belajar-ci\system\CodeIgniter.php(918): App\Controllers\Admin\Users->index()
#5 C:\laragon\www\belajar-ci\system\CodeIgniter.php(404): CodeIgniter\CodeIgniter->runController(Object(App\Controllers\Admin\Users))
#6 C:\laragon\www\belajar-ci\system\CodeIgniter.php(312): CodeIgniter\CodeIgniter->handleRequest(NULL, Object(Config\Cache), false)
#7 C:\laragon\www\belajar-ci\public\index.php(45): CodeIgniter\CodeIgniter->run()
#8 {main}
CRITICAL - 2020-11-16 21:32:22 --> Unable to connect to the database.
#0 C:\laragon\www\belajar-ci\system\Database\BaseConnection.php(646): CodeIgniter\Database\BaseConnection->initialize()
#1 C:\laragon\www\belajar-ci\system\Database\BaseBuilder.php(1860): CodeIgniter\Database\BaseConnection->query('SELECT *\nFROM `...', Array, false)
#2 C:\laragon\www\belajar-ci\system\Model.php(462): CodeIgniter\Database\BaseBuilder->get()
#3 C:\laragon\www\belajar-ci\app\Controllers\Admin\Users.php(10): CodeIgniter\Model->findAll()
#4 C:\laragon\www\belajar-ci\system\CodeIgniter.php(918): App\Controllers\Admin\Users->index()
#5 C:\laragon\www\belajar-ci\system\CodeIgniter.php(404): CodeIgniter\CodeIgniter->runController(Object(App\Controllers\Admin\Users))
#6 C:\laragon\www\belajar-ci\system\CodeIgniter.php(312): CodeIgniter\CodeIgniter->handleRequest(NULL, Object(Config\Cache), false)
#7 C:\laragon\www\belajar-ci\public\index.php(45): CodeIgniter\CodeIgniter->run()
#8 {main}
CRITICAL - 2020-11-16 21:38:00 --> Unable to connect to the database.
#0 C:\laragon\www\belajar-ci\system\Database\BaseConnection.php(646): CodeIgniter\Database\BaseConnection->initialize()
#1 C:\laragon\www\belajar-ci\system\Database\BaseBuilder.php(1860): CodeIgniter\Database\BaseConnection->query('SELECT *\nFROM `...', Array, false)
#2 C:\laragon\www\belajar-ci\system\Model.php(462): CodeIgniter\Database\BaseBuilder->get()
#3 C:\laragon\www\belajar-ci\app\Controllers\Admin\Users.php(10): CodeIgniter\Model->findAll()
#4 C:\laragon\www\belajar-ci\system\CodeIgniter.php(918): App\Controllers\Admin\Users->index()
#5 C:\laragon\www\belajar-ci\system\CodeIgniter.php(404): CodeIgniter\CodeIgniter->runController(Object(App\Controllers\Admin\Users))
#6 C:\laragon\www\belajar-ci\system\CodeIgniter.php(312): CodeIgniter\CodeIgniter->handleRequest(NULL, Object(Config\Cache), false)
#7 C:\laragon\www\belajar-ci\public\index.php(45): CodeIgniter\CodeIgniter->run()
#8 {main}
CRITICAL - 2020-11-16 21:38:00 --> Unable to connect to the database.
#0 C:\laragon\www\belajar-ci\system\Database\BaseConnection.php(646): CodeIgniter\Database\BaseConnection->initialize()
#1 C:\laragon\www\belajar-ci\system\Database\BaseBuilder.php(1860): CodeIgniter\Database\BaseConnection->query('SELECT *\nFROM `...', Array, false)
#2 C:\laragon\www\belajar-ci\system\Model.php(462): CodeIgniter\Database\BaseBuilder->get()
#3 C:\laragon\www\belajar-ci\app\Controllers\Admin\Users.php(10): CodeIgniter\Model->findAll()
#4 C:\laragon\www\belajar-ci\system\CodeIgniter.php(918): App\Controllers\Admin\Users->index()
#5 C:\laragon\www\belajar-ci\system\CodeIgniter.php(404): CodeIgniter\CodeIgniter->runController(Object(App\Controllers\Admin\Users))
#6 C:\laragon\www\belajar-ci\system\CodeIgniter.php(312): CodeIgniter\CodeIgniter->handleRequest(NULL, Object(Config\Cache), false)
#7 C:\laragon\www\belajar-ci\public\index.php(45): CodeIgniter\CodeIgniter->run()
#8 {main}
CRITICAL - 2020-11-16 21:38:02 --> Unable to connect to the database.
#0 C:\laragon\www\belajar-ci\system\Database\BaseConnection.php(646): CodeIgniter\Database\BaseConnection->initialize()
#1 C:\laragon\www\belajar-ci\system\Database\BaseBuilder.php(1860): CodeIgniter\Database\BaseConnection->query('SELECT *\nFROM `...', Array, false)
#2 C:\laragon\www\belajar-ci\system\Model.php(462): CodeIgniter\Database\BaseBuilder->get()
#3 C:\laragon\www\belajar-ci\app\Controllers\Admin\Users.php(10): CodeIgniter\Model->findAll()
#4 C:\laragon\www\belajar-ci\system\CodeIgniter.php(918): App\Controllers\Admin\Users->index()
#5 C:\laragon\www\belajar-ci\system\CodeIgniter.php(404): CodeIgniter\CodeIgniter->runController(Object(App\Controllers\Admin\Users))
#6 C:\laragon\www\belajar-ci\system\CodeIgniter.php(312): CodeIgniter\CodeIgniter->handleRequest(NULL, Object(Config\Cache), false)
#7 C:\laragon\www\belajar-ci\public\index.php(45): CodeIgniter\CodeIgniter->run()
#8 {main}
CRITICAL - 2020-11-16 21:38:09 --> Unable to connect to the database.
#0 C:\laragon\www\belajar-ci\system\Database\BaseConnection.php(646): CodeIgniter\Database\BaseConnection->initialize()
#1 C:\laragon\www\belajar-ci\system\Database\BaseBuilder.php(1860): CodeIgniter\Database\BaseConnection->query('SELECT *\nFROM `...', Array, false)
#2 C:\laragon\www\belajar-ci\system\Model.php(462): CodeIgniter\Database\BaseBuilder->get()
#3 C:\laragon\www\belajar-ci\app\Controllers\Admin\Users.php(10): CodeIgniter\Model->findAll()
#4 C:\laragon\www\belajar-ci\system\CodeIgniter.php(918): App\Controllers\Admin\Users->index()
#5 C:\laragon\www\belajar-ci\system\CodeIgniter.php(404): CodeIgniter\CodeIgniter->runController(Object(App\Controllers\Admin\Users))
#6 C:\laragon\www\belajar-ci\system\CodeIgniter.php(312): CodeIgniter\CodeIgniter->handleRequest(NULL, Object(Config\Cache), false)
#7 C:\laragon\www\belajar-ci\public\index.php(45): CodeIgniter\CodeIgniter->run()
#8 {main}
CRITICAL - 2020-11-16 21:38:16 --> Unable to connect to the database.
#0 C:\laragon\www\belajar-ci\system\Database\BaseConnection.php(646): CodeIgniter\Database\BaseConnection->initialize()
#1 C:\laragon\www\belajar-ci\system\Database\BaseBuilder.php(1860): CodeIgniter\Database\BaseConnection->query('SELECT *\nFROM `...', Array, false)
#2 C:\laragon\www\belajar-ci\system\Model.php(462): CodeIgniter\Database\BaseBuilder->get()
#3 C:\laragon\www\belajar-ci\app\Controllers\Admin\Users.php(10): CodeIgniter\Model->findAll()
#4 C:\laragon\www\belajar-ci\system\CodeIgniter.php(918): App\Controllers\Admin\Users->index()
#5 C:\laragon\www\belajar-ci\system\CodeIgniter.php(404): CodeIgniter\CodeIgniter->runController(Object(App\Controllers\Admin\Users))
#6 C:\laragon\www\belajar-ci\system\CodeIgniter.php(312): CodeIgniter\CodeIgniter->handleRequest(NULL, Object(Config\Cache), false)
#7 C:\laragon\www\belajar-ci\public\index.php(45): CodeIgniter\CodeIgniter->run()
#8 {main}
CRITICAL - 2020-11-16 22:40:01 --> syntax error, unexpected '?>', expecting function (T_FUNCTION) or const (T_CONST)
#0 C:\laragon\www\belajar-ci\system\Router\Router.php(195): CodeIgniter\Router\Router->autoRoute('admin/users/cre...')
#1 C:\laragon\www\belajar-ci\system\CodeIgniter.php(793): CodeIgniter\Router\Router->handle('admin/users/cre...')
#2 C:\laragon\www\belajar-ci\system\CodeIgniter.php(364): CodeIgniter\CodeIgniter->tryToRouteIt(Object(CodeIgniter\Router\RouteCollection))
#3 C:\laragon\www\belajar-ci\system\CodeIgniter.php(312): CodeIgniter\CodeIgniter->handleRequest(NULL, Object(Config\Cache), false)
#4 C:\laragon\www\belajar-ci\public\index.php(45): CodeIgniter\CodeIgniter->run()
#5 {main}
CRITICAL - 2020-11-16 23:13:43 --> Call to undefined function App\Controllers\Admin\first()
#0 C:\laragon\www\belajar-ci\system\CodeIgniter.php(918): App\Controllers\Admin\Users->edit()
#1 C:\laragon\www\belajar-ci\system\CodeIgniter.php(404): CodeIgniter\CodeIgniter->runController(Object(App\Controllers\Admin\Users))
#2 C:\laragon\www\belajar-ci\system\CodeIgniter.php(312): CodeIgniter\CodeIgniter->handleRequest(NULL, Object(Config\Cache), false)
#3 C:\laragon\www\belajar-ci\public\index.php(45): CodeIgniter\CodeIgniter->run()
#4 {main}
CRITICAL - 2020-11-16 23:15:19 --> Call to undefined function App\Controllers\Admin\first()
#0 C:\laragon\www\belajar-ci\system\CodeIgniter.php(918): App\Controllers\Admin\Users->edit()
#1 C:\laragon\www\belajar-ci\system\CodeIgniter.php(404): CodeIgniter\CodeIgniter->runController(Object(App\Controllers\Admin\Users))
#2 C:\laragon\www\belajar-ci\system\CodeIgniter.php(312): CodeIgniter\CodeIgniter->handleRequest(NULL, Object(Config\Cache), false)
#3 C:\laragon\www\belajar-ci\public\index.php(45): CodeIgniter\CodeIgniter->run()
#4 {main}
CRITICAL - 2020-11-16 23:15:24 --> Call to undefined function App\Controllers\Admin\first()
#0 C:\laragon\www\belajar-ci\system\CodeIgniter.php(918): App\Controllers\Admin\Users->edit('1')
#1 C:\laragon\www\belajar-ci\system\CodeIgniter.php(404): CodeIgniter\CodeIgniter->runController(Object(App\Controllers\Admin\Users))
#2 C:\laragon\www\belajar-ci\system\CodeIgniter.php(312): CodeIgniter\CodeIgniter->handleRequest(NULL, Object(Config\Cache), false)
#3 C:\laragon\www\belajar-ci\public\index.php(45): CodeIgniter\CodeIgniter->run()
#4 {main}
CRITICAL - 2020-11-16 23:19:06 --> Call to undefined function App\Controllers\Admin\first()
#0 C:\laragon\www\belajar-ci\system\CodeIgniter.php(918): App\Controllers\Admin\Users->edit('1')
#1 C:\laragon\www\belajar-ci\system\CodeIgniter.php(404): CodeIgniter\CodeIgniter->runController(Object(App\Controllers\Admin\Users))
#2 C:\laragon\www\belajar-ci\system\CodeIgniter.php(312): CodeIgniter\CodeIgniter->handleRequest(NULL, Object(Config\Cache), false)
#3 C:\laragon\www\belajar-ci\public\index.php(45): CodeIgniter\CodeIgniter->run()
#4 {main}
CRITICAL - 2020-11-16 23:19:19 --> Call to undefined function App\Controllers\Admin\first()
#0 C:\laragon\www\belajar-ci\system\CodeIgniter.php(918): App\Controllers\Admin\Users->edit('1')
#1 C:\laragon\www\belajar-ci\system\CodeIgniter.php(404): CodeIgniter\CodeIgniter->runController(Object(App\Controllers\Admin\Users))
#2 C:\laragon\www\belajar-ci\system\CodeIgniter.php(312): CodeIgniter\CodeIgniter->handleRequest(NULL, Object(Config\Cache), false)
#3 C:\laragon\www\belajar-ci\public\index.php(45): CodeIgniter\CodeIgniter->run()
#4 {main}
CRITICAL - 2020-11-16 23:19:24 --> Call to undefined function App\Controllers\Admin\first()
#0 C:\laragon\www\belajar-ci\system\CodeIgniter.php(918): App\Controllers\Admin\Users->edit('1')
#1 C:\laragon\www\belajar-ci\system\CodeIgniter.php(404): CodeIgniter\CodeIgniter->runController(Object(App\Controllers\Admin\Users))
#2 C:\laragon\www\belajar-ci\system\CodeIgniter.php(312): CodeIgniter\CodeIgniter->handleRequest(NULL, Object(Config\Cache), false)
#3 C:\laragon\www\belajar-ci\public\index.php(45): CodeIgniter\CodeIgniter->run()
#4 {main}
CRITICAL - 2020-11-16 23:20:29 --> Undefined variable: user
#0 C:\laragon\www\belajar-ci\app\Views\users_edit_user.php(14): CodeIgniter\Debug\Exceptions->errorHandler(8, 'Undefined varia...', 'C:\\laragon\\www\\...', 14, Array)
#1 C:\laragon\www\belajar-ci\system\View\View.php(246): include('C:\\laragon\\www\\...')
#2 C:\laragon\www\belajar-ci\system\Common.php(1119): CodeIgniter\View\View->render('users_edit_user', Array, true)
#3 C:\laragon\www\belajar-ci\app\Controllers\Admin\Users.php(32): view('users_edit_user', Array)
#4 C:\laragon\www\belajar-ci\system\CodeIgniter.php(918): App\Controllers\Admin\Users->edit('1')
#5 C:\laragon\www\belajar-ci\system\CodeIgniter.php(404): CodeIgniter\CodeIgniter->runController(Object(App\Controllers\Admin\Users))
#6 C:\laragon\www\belajar-ci\system\CodeIgniter.php(312): CodeIgniter\CodeIgniter->handleRequest(NULL, Object(Config\Cache), false)
#7 C:\laragon\www\belajar-ci\public\index.php(45): CodeIgniter\CodeIgniter->run()
#8 {main}
CRITICAL - 2020-11-16 23:20:34 --> Undefined variable: user
#0 C:\laragon\www\belajar-ci\app\Views\users_edit_user.php(14): CodeIgniter\Debug\Exceptions->errorHandler(8, 'Undefined varia...', 'C:\\laragon\\www\\...', 14, Array)
#1 C:\laragon\www\belajar-ci\system\View\View.php(246): include('C:\\laragon\\www\\...')
#2 C:\laragon\www\belajar-ci\system\Common.php(1119): CodeIgniter\View\View->render('users_edit_user', Array, true)
#3 C:\laragon\www\belajar-ci\app\Controllers\Admin\Users.php(32): view('users_edit_user', Array)
#4 C:\laragon\www\belajar-ci\system\CodeIgniter.php(918): App\Controllers\Admin\Users->edit('1')
#5 C:\laragon\www\belajar-ci\system\CodeIgniter.php(404): CodeIgniter\CodeIgniter->runController(Object(App\Controllers\Admin\Users))
#6 C:\laragon\www\belajar-ci\system\CodeIgniter.php(312): CodeIgniter\CodeIgniter->handleRequest(NULL, Object(Config\Cache), false)
#7 C:\laragon\www\belajar-ci\public\index.php(45): CodeIgniter\CodeIgniter->run()
#8 {main}
CRITICAL - 2020-11-16 23:21:00 --> Undefined variable: user
#0 C:\laragon\www\belajar-ci\app\Views\users_edit_user.php(17): CodeIgniter\Debug\Exceptions->errorHandler(8, 'Undefined varia...', 'C:\\laragon\\www\\...', 17, Array)
#1 C:\laragon\www\belajar-ci\system\View\View.php(246): include('C:\\laragon\\www\\...')
#2 C:\laragon\www\belajar-ci\system\Common.php(1119): CodeIgniter\View\View->render('users_edit_user', Array, true)
#3 C:\laragon\www\belajar-ci\app\Controllers\Admin\Users.php(32): view('users_edit_user', Array)
#4 C:\laragon\www\belajar-ci\system\CodeIgniter.php(918): App\Controllers\Admin\Users->edit('1')
#5 C:\laragon\www\belajar-ci\system\CodeIgniter.php(404): CodeIgniter\CodeIgniter->runController(Object(App\Controllers\Admin\Users))
#6 C:\laragon\www\belajar-ci\system\CodeIgniter.php(312): CodeIgniter\CodeIgniter->handleRequest(NULL, Object(Config\Cache), false)
#7 C:\laragon\www\belajar-ci\public\index.php(45): CodeIgniter\CodeIgniter->run()
#8 {main}
CRITICAL - 2020-11-16 23:21:11 --> Undefined index: nama
#0 C:\laragon\www\belajar-ci\app\Views\users_edit_user.php(17): CodeIgniter\Debug\Exceptions->errorHandler(8, 'Undefined index...', 'C:\\laragon\\www\\...', 17, Array)
#1 C:\laragon\www\belajar-ci\system\View\View.php(246): include('C:\\laragon\\www\\...')
#2 C:\laragon\www\belajar-ci\system\Common.php(1119): CodeIgniter\View\View->render('users_edit_user', Array, true)
#3 C:\laragon\www\belajar-ci\app\Controllers\Admin\Users.php(32): view('users_edit_user', Array)
#4 C:\laragon\www\belajar-ci\system\CodeIgniter.php(918): App\Controllers\Admin\Users->edit('1')
#5 C:\laragon\www\belajar-ci\system\CodeIgniter.php(404): CodeIgniter\CodeIgniter->runController(Object(App\Controllers\Admin\Users))
#6 C:\laragon\www\belajar-ci\system\CodeIgniter.php(312): CodeIgniter\CodeIgniter->handleRequest(NULL, Object(Config\Cache), false)
#7 C:\laragon\www\belajar-ci\public\index.php(45): CodeIgniter\CodeIgniter->run()
#8 {main}
CRITICAL - 2020-11-16 23:22:42 --> Undefined variable: user
#0 C:\laragon\www\belajar-ci\app\Views\users_edit_user.php(17): CodeIgniter\Debug\Exceptions->errorHandler(8, 'Undefined varia...', 'C:\\laragon\\www\\...', 17, Array)
#1 C:\laragon\www\belajar-ci\system\View\View.php(246): include('C:\\laragon\\www\\...')
#2 C:\laragon\www\belajar-ci\system\Common.php(1119): CodeIgniter\View\View->render('users_edit_user', Array, true)
#3 C:\laragon\www\belajar-ci\app\Controllers\Admin\Users.php(32): view('users_edit_user', Array)
#4 C:\laragon\www\belajar-ci\system\CodeIgniter.php(918): App\Controllers\Admin\Users->edit('1')
#5 C:\laragon\www\belajar-ci\system\CodeIgniter.php(404): CodeIgniter\CodeIgniter->runController(Object(App\Controllers\Admin\Users))
#6 C:\laragon\www\belajar-ci\system\CodeIgniter.php(312): CodeIgniter\CodeIgniter->handleRequest(NULL, Object(Config\Cache), false)
#7 C:\laragon\www\belajar-ci\public\index.php(45): CodeIgniter\CodeIgniter->run()
#8 {main}
CRITICAL - 2020-11-16 23:22:42 --> Undefined variable: user
#0 C:\laragon\www\belajar-ci\app\Views\users_edit_user.php(17): CodeIgniter\Debug\Exceptions->errorHandler(8, 'Undefined varia...', 'C:\\laragon\\www\\...', 17, Array)
#1 C:\laragon\www\belajar-ci\system\View\View.php(246): include('C:\\laragon\\www\\...')
#2 C:\laragon\www\belajar-ci\system\Common.php(1119): CodeIgniter\View\View->render('users_edit_user', Array, true)
#3 C:\laragon\www\belajar-ci\app\Controllers\Admin\Users.php(32): view('users_edit_user', Array)
#4 C:\laragon\www\belajar-ci\system\CodeIgniter.php(918): App\Controllers\Admin\Users->edit('1')
#5 C:\laragon\www\belajar-ci\system\CodeIgniter.php(404): CodeIgniter\CodeIgniter->runController(Object(App\Controllers\Admin\Users))
#6 C:\laragon\www\belajar-ci\system\CodeIgniter.php(312): CodeIgniter\CodeIgniter->handleRequest(NULL, Object(Config\Cache), false)
#7 C:\laragon\www\belajar-ci\public\index.php(45): CodeIgniter\CodeIgniter->run()
#8 {main}
CRITICAL - 2020-11-16 23:22:43 --> Undefined variable: user
#0 C:\laragon\www\belajar-ci\app\Views\users_edit_user.php(17): CodeIgniter\Debug\Exceptions->errorHandler(8, 'Undefined varia...', 'C:\\laragon\\www\\...', 17, Array)
#1 C:\laragon\www\belajar-ci\system\View\View.php(246): include('C:\\laragon\\www\\...')
#2 C:\laragon\www\belajar-ci\system\Common.php(1119): CodeIgniter\View\View->render('users_edit_user', Array, true)
#3 C:\laragon\www\belajar-ci\app\Controllers\Admin\Users.php(32): view('users_edit_user', Array)
#4 C:\laragon\www\belajar-ci\system\CodeIgniter.php(918): App\Controllers\Admin\Users->edit('1')
#5 C:\laragon\www\belajar-ci\system\CodeIgniter.php(404): CodeIgniter\CodeIgniter->runController(Object(App\Controllers\Admin\Users))
#6 C:\laragon\www\belajar-ci\system\CodeIgniter.php(312): CodeIgniter\CodeIgniter->handleRequest(NULL, Object(Config\Cache), false)
#7 C:\laragon\www\belajar-ci\public\index.php(45): CodeIgniter\CodeIgniter->run()
#8 {main}
CRITICAL - 2020-11-16 23:22:43 --> Undefined variable: user
#0 C:\laragon\www\belajar-ci\app\Views\users_edit_user.php(17): CodeIgniter\Debug\Exceptions->errorHandler(8, 'Undefined varia...', 'C:\\laragon\\www\\...', 17, Array)
#1 C:\laragon\www\belajar-ci\system\View\View.php(246): include('C:\\laragon\\www\\...')
#2 C:\laragon\www\belajar-ci\system\Common.php(1119): CodeIgniter\View\View->render('users_edit_user', Array, true)
#3 C:\laragon\www\belajar-ci\app\Controllers\Admin\Users.php(32): view('users_edit_user', Array)
#4 C:\laragon\www\belajar-ci\system\CodeIgniter.php(918): App\Controllers\Admin\Users->edit('1')
#5 C:\laragon\www\belajar-ci\system\CodeIgniter.php(404): CodeIgniter\CodeIgniter->runController(Object(App\Controllers\Admin\Users))
#6 C:\laragon\www\belajar-ci\system\CodeIgniter.php(312): CodeIgniter\CodeIgniter->handleRequest(NULL, Object(Config\Cache), false)
#7 C:\laragon\www\belajar-ci\public\index.php(45): CodeIgniter\CodeIgniter->run()
#8 {main}
CRITICAL - 2020-11-16 23:22:43 --> Undefined variable: user
#0 C:\laragon\www\belajar-ci\app\Views\users_edit_user.php(17): CodeIgniter\Debug\Exceptions->errorHandler(8, 'Undefined varia...', 'C:\\laragon\\www\\...', 17, Array)
#1 C:\laragon\www\belajar-ci\system\View\View.php(246): include('C:\\laragon\\www\\...')
#2 C:\laragon\www\belajar-ci\system\Common.php(1119): CodeIgniter\View\View->render('users_edit_user', Array, true)
#3 C:\laragon\www\belajar-ci\app\Controllers\Admin\Users.php(32): view('users_edit_user', Array)
#4 C:\laragon\www\belajar-ci\system\CodeIgniter.php(918): App\Controllers\Admin\Users->edit('1')
#5 C:\laragon\www\belajar-ci\system\CodeIgniter.php(404): CodeIgniter\CodeIgniter->runController(Object(App\Controllers\Admin\Users))
#6 C:\laragon\www\belajar-ci\system\CodeIgniter.php(312): CodeIgniter\CodeIgniter->handleRequest(NULL, Object(Config\Cache), false)
#7 C:\laragon\www\belajar-ci\public\index.php(45): CodeIgniter\CodeIgniter->run()
#8 {main}
CRITICAL - 2020-11-16 23:22:43 --> Undefined variable: user
#0 C:\laragon\www\belajar-ci\app\Views\users_edit_user.php(17): CodeIgniter\Debug\Exceptions->errorHandler(8, 'Undefined varia...', 'C:\\laragon\\www\\...', 17, Array)
#1 C:\laragon\www\belajar-ci\system\View\View.php(246): include('C:\\laragon\\www\\...')
#2 C:\laragon\www\belajar-ci\system\Common.php(1119): CodeIgniter\View\View->render('users_edit_user', Array, true)
#3 C:\laragon\www\belajar-ci\app\Controllers\Admin\Users.php(32): view('users_edit_user', Array)
#4 C:\laragon\www\belajar-ci\system\CodeIgniter.php(918): App\Controllers\Admin\Users->edit('1')
#5 C:\laragon\www\belajar-ci\system\CodeIgniter.php(404): CodeIgniter\CodeIgniter->runController(Object(App\Controllers\Admin\Users))
#6 C:\laragon\www\belajar-ci\system\CodeIgniter.php(312): CodeIgniter\CodeIgniter->handleRequest(NULL, Object(Config\Cache), false)
#7 C:\laragon\www\belajar-ci\public\index.php(45): CodeIgniter\CodeIgniter->run()
#8 {main}
CRITICAL - 2020-11-16 23:22:44 --> Undefined variable: user
#0 C:\laragon\www\belajar-ci\app\Views\users_edit_user.php(17): CodeIgniter\Debug\Exceptions->errorHandler(8, 'Undefined varia...', 'C:\\laragon\\www\\...', 17, Array)
#1 C:\laragon\www\belajar-ci\system\View\View.php(246): include('C:\\laragon\\www\\...')
#2 C:\laragon\www\belajar-ci\system\Common.php(1119): CodeIgniter\View\View->render('users_edit_user', Array, true)
#3 C:\laragon\www\belajar-ci\app\Controllers\Admin\Users.php(32): view('users_edit_user', Array)
#4 C:\laragon\www\belajar-ci\system\CodeIgniter.php(918): App\Controllers\Admin\Users->edit('1')
#5 C:\laragon\www\belajar-ci\system\CodeIgniter.php(404): CodeIgniter\CodeIgniter->runController(Object(App\Controllers\Admin\Users))
#6 C:\laragon\www\belajar-ci\system\CodeIgniter.php(312): CodeIgniter\CodeIgniter->handleRequest(NULL, Object(Config\Cache), false)
#7 C:\laragon\www\belajar-ci\public\index.php(45): CodeIgniter\CodeIgniter->run()
#8 {main}
CRITICAL - 2020-11-16 23:22:44 --> Undefined variable: user
#0 C:\laragon\www\belajar-ci\app\Views\users_edit_user.php(17): CodeIgniter\Debug\Exceptions->errorHandler(8, 'Undefined varia...', 'C:\\laragon\\www\\...', 17, Array)
#1 C:\laragon\www\belajar-ci\system\View\View.php(246): include('C:\\laragon\\www\\...')
#2 C:\laragon\www\belajar-ci\system\Common.php(1119): CodeIgniter\View\View->render('users_edit_user', Array, true)
#3 C:\laragon\www\belajar-ci\app\Controllers\Admin\Users.php(32): view('users_edit_user', Array)
#4 C:\laragon\www\belajar-ci\system\CodeIgniter.php(918): App\Controllers\Admin\Users->edit('1')
#5 C:\laragon\www\belajar-ci\system\CodeIgniter.php(404): CodeIgniter\CodeIgniter->runController(Object(App\Controllers\Admin\Users))
#6 C:\laragon\www\belajar-ci\system\CodeIgniter.php(312): CodeIgniter\CodeIgniter->handleRequest(NULL, Object(Config\Cache), false)
#7 C:\laragon\www\belajar-ci\public\index.php(45): CodeIgniter\CodeIgniter->run()
#8 {main}
CRITICAL - 2020-11-16 23:22:44 --> Undefined variable: user
#0 C:\laragon\www\belajar-ci\app\Views\users_edit_user.php(17): CodeIgniter\Debug\Exceptions->errorHandler(8, 'Undefined varia...', 'C:\\laragon\\www\\...', 17, Array)
#1 C:\laragon\www\belajar-ci\system\View\View.php(246): include('C:\\laragon\\www\\...')
#2 C:\laragon\www\belajar-ci\system\Common.php(1119): CodeIgniter\View\View->render('users_edit_user', Array, true)
#3 C:\laragon\www\belajar-ci\app\Controllers\Admin\Users.php(32): view('users_edit_user', Array)
#4 C:\laragon\www\belajar-ci\system\CodeIgniter.php(918): App\Controllers\Admin\Users->edit('1')
#5 C:\laragon\www\belajar-ci\system\CodeIgniter.php(404): CodeIgniter\CodeIgniter->runController(Object(App\Controllers\Admin\Users))
#6 C:\laragon\www\belajar-ci\system\CodeIgniter.php(312): CodeIgniter\CodeIgniter->handleRequest(NULL, Object(Config\Cache), false)
#7 C:\laragon\www\belajar-ci\public\index.php(45): CodeIgniter\CodeIgniter->run()
#8 {main}
CRITICAL - 2020-11-16 23:23:18 --> Undefined variable: user
#0 C:\laragon\www\belajar-ci\app\Views\users_edit_user.php(14): CodeIgniter\Debug\Exceptions->errorHandler(8, 'Undefined varia...', 'C:\\laragon\\www\\...', 14, Array)
#1 C:\laragon\www\belajar-ci\system\View\View.php(246): include('C:\\laragon\\www\\...')
#2 C:\laragon\www\belajar-ci\system\Common.php(1119): CodeIgniter\View\View->render('users_edit_user', Array, true)
#3 C:\laragon\www\belajar-ci\app\Controllers\Admin\Users.php(32): view('users_edit_user', Array)
#4 C:\laragon\www\belajar-ci\system\CodeIgniter.php(918): App\Controllers\Admin\Users->edit('1')
#5 C:\laragon\www\belajar-ci\system\CodeIgniter.php(404): CodeIgniter\CodeIgniter->runController(Object(App\Controllers\Admin\Users))
#6 C:\laragon\www\belajar-ci\system\CodeIgniter.php(312): CodeIgniter\CodeIgniter->handleRequest(NULL, Object(Config\Cache), false)
#7 C:\laragon\www\belajar-ci\public\index.php(45): CodeIgniter\CodeIgniter->run()
#8 {main}
CRITICAL - 2020-11-16 23:23:43 --> Undefined variable: user
#0 C:\laragon\www\belajar-ci\app\Views\users_edit_user.php(17): CodeIgniter\Debug\Exceptions->errorHandler(8, 'Undefined varia...', 'C:\\laragon\\www\\...', 17, Array)
#1 C:\laragon\www\belajar-ci\system\View\View.php(246): include('C:\\laragon\\www\\...')
#2 C:\laragon\www\belajar-ci\system\Common.php(1119): CodeIgniter\View\View->render('users_edit_user', Array, true)
#3 C:\laragon\www\belajar-ci\app\Controllers\Admin\Users.php(32): view('users_edit_user', Array)
#4 C:\laragon\www\belajar-ci\system\CodeIgniter.php(918): App\Controllers\Admin\Users->edit('1')
#5 C:\laragon\www\belajar-ci\system\CodeIgniter.php(404): CodeIgniter\CodeIgniter->runController(Object(App\Controllers\Admin\Users))
#6 C:\laragon\www\belajar-ci\system\CodeIgniter.php(312): CodeIgniter\CodeIgniter->handleRequest(NULL, Object(Config\Cache), false)
#7 C:\laragon\www\belajar-ci\public\index.php(45): CodeIgniter\CodeIgniter->run()
#8 {main}
CRITICAL - 2020-11-16 23:24:15 --> Undefined index: nama
#0 C:\laragon\www\belajar-ci\app\Views\users_edit_user.php(17): CodeIgniter\Debug\Exceptions->errorHandler(8, 'Undefined index...', 'C:\\laragon\\www\\...', 17, Array)
#1 C:\laragon\www\belajar-ci\system\View\View.php(246): include('C:\\laragon\\www\\...')
#2 C:\laragon\www\belajar-ci\system\Common.php(1119): CodeIgniter\View\View->render('users_edit_user', Array, true)
#3 C:\laragon\www\belajar-ci\app\Controllers\Admin\Users.php(32): view('users_edit_user', Array)
#4 C:\laragon\www\belajar-ci\system\CodeIgniter.php(918): App\Controllers\Admin\Users->edit('1')
#5 C:\laragon\www\belajar-ci\system\CodeIgniter.php(404): CodeIgniter\CodeIgniter->runController(Object(App\Controllers\Admin\Users))
#6 C:\laragon\www\belajar-ci\system\CodeIgniter.php(312): CodeIgniter\CodeIgniter->handleRequest(NULL, Object(Config\Cache), false)
#7 C:\laragon\www\belajar-ci\public\index.php(45): CodeIgniter\CodeIgniter->run()
#8 {main}
CRITICAL - 2020-11-16 23:24:16 --> Undefined index: nama
#0 C:\laragon\www\belajar-ci\app\Views\users_edit_user.php(17): CodeIgniter\Debug\Exceptions->errorHandler(8, 'Undefined index...', 'C:\\laragon\\www\\...', 17, Array)
#1 C:\laragon\www\belajar-ci\system\View\View.php(246): include('C:\\laragon\\www\\...')
#2 C:\laragon\www\belajar-ci\system\Common.php(1119): CodeIgniter\View\View->render('users_edit_user', Array, true)
#3 C:\laragon\www\belajar-ci\app\Controllers\Admin\Users.php(32): view('users_edit_user', Array)
#4 C:\laragon\www\belajar-ci\system\CodeIgniter.php(918): App\Controllers\Admin\Users->edit('1')
#5 C:\laragon\www\belajar-ci\system\CodeIgniter.php(404): CodeIgniter\CodeIgniter->runController(Object(App\Controllers\Admin\Users))
#6 C:\laragon\www\belajar-ci\system\CodeIgniter.php(312): CodeIgniter\CodeIgniter->handleRequest(NULL, Object(Config\Cache), false)
#7 C:\laragon\www\belajar-ci\public\index.php(45): CodeIgniter\CodeIgniter->run()
#8 {main}
CRITICAL - 2020-11-16 23:27:56 --> Undefined variable: user
#0 C:\laragon\www\belajar-ci\app\Views\users_edit_user.php(17): CodeIgniter\Debug\Exceptions->errorHandler(8, 'Undefined varia...', 'C:\\laragon\\www\\...', 17, Array)
#1 C:\laragon\www\belajar-ci\system\View\View.php(246): include('C:\\laragon\\www\\...')
#2 C:\laragon\www\belajar-ci\system\Common.php(1119): CodeIgniter\View\View->render('users_edit_user', Array, true)
#3 C:\laragon\www\belajar-ci\app\Controllers\Admin\Users.php(32): view('users_edit_user', Array)
#4 C:\laragon\www\belajar-ci\system\CodeIgniter.php(918): App\Controllers\Admin\Users->edit('1')
#5 C:\laragon\www\belajar-ci\system\CodeIgniter.php(404): CodeIgniter\CodeIgniter->runController(Object(App\Controllers\Admin\Users))
#6 C:\laragon\www\belajar-ci\system\CodeIgniter.php(312): CodeIgniter\CodeIgniter->handleRequest(NULL, Object(Config\Cache), false)
#7 C:\laragon\www\belajar-ci\public\index.php(45): CodeIgniter\CodeIgniter->run()
#8 {main}
